{"/Users/yaotang/Workspace/github/BigInteger/lib/BigInteger.js":{"path":"/Users/yaotang/Workspace/github/BigInteger/lib/BigInteger.js","s":{"1":1,"2":1,"3":1,"4":1,"5":1,"6":1,"7":1,"8":1,"9":1,"10":1,"11":1,"12":1,"13":1,"14":1,"15":1,"16":1,"17":1,"18":63,"19":1,"20":561,"21":561,"22":561,"23":561,"24":561,"25":561,"26":1,"27":5,"28":5,"29":5,"30":0,"31":5,"32":0,"33":5,"34":0,"35":5,"36":5,"37":1,"38":154,"39":154,"40":0,"41":0,"42":154,"43":154,"44":0,"45":0,"46":154,"47":154,"48":154,"49":154,"50":1,"51":40,"52":40,"53":40,"54":40,"55":40,"56":0,"57":40,"58":0,"59":40,"60":40,"61":40,"62":40,"63":40,"64":8,"65":8,"66":0,"67":40,"68":8,"69":0,"70":40,"71":40,"72":13,"73":40,"74":2,"75":38,"76":38,"77":38,"78":38,"79":38,"80":38,"81":38,"82":0,"83":38,"84":38,"85":38,"86":0,"87":38,"88":38,"89":38,"90":146,"91":146,"92":146,"93":0,"94":146,"95":38,"96":38,"97":1,"98":5,"99":5,"100":5,"101":5,"102":5,"103":5,"104":5,"105":15,"106":15,"107":15,"108":15,"109":30,"110":5,"111":1,"112":146,"113":146,"114":146,"115":146,"116":146,"117":146,"118":2554,"119":2554,"120":2554,"121":146,"122":146,"123":146,"124":146,"125":146,"126":2408,"127":2408,"128":2408,"129":1,"130":58,"131":58,"132":58,"133":58,"134":1,"135":17,"136":17,"137":17,"138":17,"139":17,"140":5,"141":12,"142":12,"143":1,"144":1,"145":0,"146":1,"147":11,"148":17,"149":17,"150":1,"151":1,"152":1,"153":1,"154":1,"155":16,"156":4,"157":4,"158":12,"159":12,"160":16,"161":1,"162":1,"163":30,"164":1,"165":7,"166":1,"167":2,"168":2,"169":2,"170":2,"171":1,"172":2,"173":2,"174":2,"175":0,"176":2,"177":2,"178":0,"179":0,"180":0,"181":2,"182":1,"183":360,"184":360,"185":1,"186":0,"187":1,"188":0,"189":0,"190":1,"191":1,"192":359,"193":359,"194":360,"195":1,"196":27,"197":1,"198":4,"199":4,"200":1,"201":1,"202":1,"203":1,"204":1,"205":1,"206":4,"207":1,"208":333,"209":0,"210":333,"211":27,"212":306,"213":306,"214":1,"215":0,"216":0,"217":0,"218":0,"219":0,"220":0,"221":0,"222":1,"223":152,"224":152,"225":304,"226":152,"227":1,"228":320,"229":34,"230":286,"231":1,"232":35,"233":26,"234":35,"235":5,"236":30,"237":0,"238":30,"239":30,"240":30,"241":30,"242":30,"243":152,"244":152,"245":152,"246":152,"247":152,"248":152,"249":152,"250":152,"251":152,"252":30,"253":30,"254":7,"255":30,"256":30,"257":122,"258":122,"259":11,"260":122,"261":30,"262":1,"263":2,"264":0,"265":0,"266":0,"267":2,"268":2,"269":2,"270":2,"271":2,"272":8,"273":8,"274":2,"275":2,"276":0,"277":2,"278":0,"279":2,"280":0,"281":0,"282":0,"283":0,"284":2,"285":1,"286":3,"287":3,"288":3,"289":3,"290":3,"291":8,"292":8,"293":3,"294":3,"295":0,"296":3,"297":4,"298":3,"299":1,"300":6,"301":2,"302":4,"303":0,"304":4,"305":1,"306":3,"307":3,"308":1,"309":2,"310":2,"311":2,"312":1,"313":3,"314":0,"315":3,"316":0,"317":3,"318":1,"319":2,"320":2,"321":1,"322":1,"323":1,"324":1,"325":1,"326":14,"327":14,"328":14,"329":14,"330":14,"331":2,"332":12,"333":7,"334":5,"335":11,"336":11,"337":11,"338":3,"339":2,"340":1,"341":10,"342":10,"343":10,"344":9,"345":10,"346":10,"347":120,"348":120,"349":120,"350":10,"351":10,"352":36,"353":36,"354":1003,"355":1003,"356":1003,"357":36,"358":10,"359":1,"360":12,"361":6,"362":6,"363":6,"364":6,"365":6,"366":1,"367":2,"368":1,"369":1,"370":1,"371":2,"372":0,"373":2,"374":2,"375":0,"376":0,"377":0,"378":1,"379":0,"380":0,"381":0,"382":0,"383":0,"384":0,"385":0,"386":0,"387":0,"388":1,"389":1,"390":1,"391":4,"392":1,"393":1,"394":41,"395":41,"396":14,"397":41,"398":41,"399":621,"400":621,"401":621,"402":621,"403":621,"404":41,"405":621,"406":621,"407":621,"408":41,"409":41,"410":41,"411":1,"412":1229,"413":1229,"414":1229,"415":1229,"416":27148,"417":27148,"418":27148,"419":1229,"420":1,"421":1229,"422":1229,"423":1229,"424":1229,"425":992,"426":237,"427":237,"428":0,"429":237,"430":237,"431":237,"432":0,"433":1,"434":46,"435":5,"436":41,"437":41,"438":1201,"439":1201,"440":1201,"441":41,"442":1,"443":3,"444":0,"445":3,"446":0,"447":3,"448":3,"449":3,"450":3,"451":10,"452":3,"453":3,"454":10,"455":7,"456":7,"457":3,"458":1,"459":0,"460":0,"461":0,"462":0,"463":1,"464":0,"465":0,"466":0,"467":0,"468":1,"469":0,"470":0,"471":0,"472":0,"473":1,"474":0,"475":0,"476":0,"477":0,"478":1,"479":0,"480":0,"481":0,"482":0,"483":0,"484":0,"485":0,"486":0,"487":0,"488":0,"489":0,"490":0,"491":0,"492":1,"493":0,"494":0,"495":0,"496":0,"497":0,"498":0,"499":0,"500":0,"501":1,"502":3,"503":0,"504":3,"505":0,"506":3,"507":0,"508":0,"509":0,"510":3,"511":3,"512":3,"513":3,"514":3,"515":1,"516":1,"517":4,"518":2,"519":2,"520":2,"521":2,"522":0,"523":0,"524":2,"525":2,"526":2,"527":0,"528":2,"529":3,"530":1,"531":3,"532":0,"533":3,"534":0,"535":0,"536":0,"537":3,"538":3,"539":3,"540":3,"541":3,"542":0,"543":3,"544":1,"545":1,"546":1,"547":3,"548":2,"549":2,"550":2,"551":2,"552":2,"553":0,"554":2,"555":2,"556":2,"557":1,"558":3,"559":0,"560":0,"561":0,"562":0,"563":0,"564":0,"565":0,"566":3,"567":1,"568":0,"569":0,"570":0,"571":0,"572":0,"573":0,"574":0,"575":1,"576":5,"577":5,"578":5,"579":0,"580":0,"581":0,"582":1,"583":26,"584":0,"585":26,"586":26,"587":6,"588":20,"589":20,"590":20,"591":20,"592":6,"593":14,"594":17,"595":13,"596":1,"597":1,"598":2,"599":2,"600":2,"601":2,"602":2,"603":1,"604":10,"605":10,"606":10,"607":10,"608":10,"609":1,"610":10,"611":0,"612":10,"613":10,"614":1,"615":15,"616":0,"617":15,"618":1,"619":0,"620":0,"621":0,"622":0,"623":1,"624":42,"625":44,"626":44,"627":44,"628":39,"629":5,"630":3,"631":0,"632":1,"633":3,"634":3,"635":96,"636":96,"637":3,"638":1,"639":39,"640":39,"641":39,"642":39,"643":608,"644":608,"645":608,"646":608,"647":39,"648":0,"649":39,"650":3,"651":39,"652":1,"653":5,"654":5,"655":5,"656":5,"657":0,"658":0,"659":5,"660":5,"661":5,"662":38,"663":5,"664":5,"665":0,"666":0,"667":0,"668":0,"669":0,"670":1,"671":5,"672":0,"673":5,"674":0,"675":5,"676":5,"677":5,"678":5,"679":5,"680":5,"681":5,"682":4,"683":0,"684":5,"685":5,"686":5,"687":5,"688":5,"689":5,"690":5,"691":5,"692":5,"693":5,"694":5,"695":5,"696":0,"697":0,"698":0,"699":0,"700":0,"701":5,"702":5,"703":5,"704":5,"705":38,"706":5,"707":0,"708":0,"709":5,"710":5,"711":5,"712":5,"713":5,"714":5,"715":5,"716":5,"717":0,"718":0,"719":0,"720":5,"721":5,"722":5,"723":5,"724":5,"725":0,"726":0,"727":5,"728":5,"729":5,"730":5,"731":5,"732":32,"733":32,"734":32,"735":32,"736":32,"737":32,"738":5,"739":5,"740":5,"741":32,"742":1,"743":1,"744":0,"745":0,"746":1,"747":1,"748":32,"749":1,"750":0,"751":0,"752":1,"753":1,"754":1,"755":1,"756":1,"757":1,"758":32,"759":5,"760":27,"761":27,"762":27,"763":27,"764":27,"765":27,"766":27,"767":5,"768":5,"769":38,"770":5,"771":5,"772":5,"773":38,"774":5,"775":1,"776":2,"777":2,"778":2,"779":2,"780":0,"781":2,"782":2,"783":2,"784":2,"785":2,"786":1,"787":4,"788":0,"789":4,"790":0,"791":4,"792":4,"793":2,"794":4,"795":0,"796":4,"797":4,"798":4,"799":4,"800":1,"801":2,"802":2,"803":2,"804":2,"805":2,"806":0,"807":2,"808":10,"809":2,"810":10,"811":10,"812":8,"813":2,"814":1,"815":8,"816":8,"817":0,"818":0,"819":1,"820":12,"821":10,"822":2,"823":2,"824":2,"825":2,"826":2,"827":2,"828":2,"829":1,"830":3,"831":0,"832":3,"833":0,"834":3,"835":0,"836":3,"837":0,"838":3,"839":0,"840":3,"841":3,"842":0,"843":3,"844":3,"845":3,"846":1,"847":2,"848":2,"849":2,"850":2,"851":2,"852":2,"853":2,"854":2,"855":2,"856":2,"857":2,"858":2,"859":3,"860":1,"861":1,"862":1,"863":1,"864":16,"865":16,"866":16,"867":16,"868":1,"869":1,"870":1,"871":1},"b":{"1":[0,5],"2":[5,5],"3":[0,5],"4":[0,5],"5":[0,154],"6":[0,154],"7":[40,10],"8":[0,40],"9":[40,40],"10":[0,40],"11":[40,0],"12":[8,32],"13":[40,32],"14":[0,8],"15":[8,32],"16":[53,51],"17":[2,38],"18":[0,38],"19":[0,38],"20":[0,146],"21":[5,5],"22":[86,86],"23":[30,28],"24":[17,0],"25":[5,12],"26":[1,11],"27":[1,1],"28":[0,1],"29":[4,12],"30":[23,7],"31":[4,2],"32":[0,2],"33":[2,2],"34":[2,0],"35":[0,0],"36":[1,359],"37":[0,1],"38":[0,1],"39":[0,1],"40":[0,359],"41":[0,27],"42":[1,3],"43":[1,1],"44":[0,333],"45":[27,306],"46":[302,4],"47":[1,3],"48":[34,286],"49":[320,286],"50":[26,9],"51":[5,30],"52":[0,30],"53":[30,30],"54":[7,23],"55":[11,111],"56":[0,2],"57":[2,0],"58":[0,2],"59":[3,3],"60":[2,4],"61":[0,4],"62":[1,3],"63":[1,2],"64":[2,0],"65":[0,2],"66":[0,3],"67":[0,3],"68":[1,2],"69":[1,1],"70":[0,1],"71":[1,0],"72":[2,12],"73":[7,5],"74":[3,8],"75":[2,1],"76":[9,1],"77":[10,1],"78":[6,6],"79":[12,8],"80":[6,0],"81":[0,1],"82":[0,2],"83":[2,0],"84":[2,2],"85":[0,0],"86":[0,0],"87":[0,0],"88":[0,0],"89":[0,0],"90":[14,27],"91":[41,27],"92":[992,237],"93":[0,237],"94":[237,0],"95":[5,41],"96":[46,46],"97":[0,3],"98":[0,3],"99":[0,0],"100":[0,3],"101":[3,0],"102":[3,7],"103":[7,3],"104":[0,0],"105":[0,0],"106":[0,0],"107":[0,3],"108":[0,3],"109":[0,3],"110":[0,0],"111":[1,2],"112":[0,2],"113":[0,3],"114":[0,3],"115":[0,0],"116":[0,3],"117":[0,0],"118":[1,2],"119":[2,0],"120":[0,3],"121":[0,0],"122":[0,0],"123":[0,0],"124":[0,0],"125":[0,0],"126":[0,0],"127":[5,0],"128":[5,0,0],"129":[0,0],"130":[0,26],"131":[6,20],"132":[6,14],"133":[13,4],"134":[2,0],"135":[0,10],"136":[10,0],"137":[0,15],"138":[39,5],"139":[3,2],"140":[0,5],"141":[5,0],"142":[0,5],"143":[0,5],"144":[4,1],"145":[5,1],"146":[0,5],"147":[5,0],"148":[0,5],"149":[5,0],"150":[32,0],"151":[1,31],"152":[5,27],"153":[1,31],"154":[1,31],"155":[0,1],"156":[5,27],"157":[27,0],"158":[2,0],"159":[0,2],"160":[0,4],"161":[0,4],"162":[2,2],"163":[4,4],"164":[0,4],"165":[0,2],"166":[0,0],"167":[2,8],"168":[8,2],"169":[8,0],"170":[10,2],"171":[2,0],"172":[0,3],"173":[0,3],"174":[0,0],"175":[0,3],"176":[0,0],"177":[0,3],"178":[3,0],"179":[0,3],"180":[3,0],"181":[0,0],"182":[0,3],"183":[2,1],"184":[3,3],"185":[1,2],"186":[2,0],"187":[2,2],"188":[0,2],"189":[0,3]},"f":{"1":561,"2":5,"3":154,"4":40,"5":5,"6":146,"7":58,"8":17,"9":1,"10":30,"11":7,"12":2,"13":2,"14":360,"15":27,"16":4,"17":333,"18":0,"19":152,"20":320,"21":35,"22":2,"23":3,"24":6,"25":3,"26":14,"27":10,"28":12,"29":2,"30":1,"31":2,"32":0,"33":1,"34":41,"35":1229,"36":1229,"37":46,"38":3,"39":0,"40":0,"41":0,"42":0,"43":0,"44":0,"45":3,"46":3,"47":0,"48":5,"49":26,"50":2,"51":10,"52":10,"53":15,"54":0,"55":42,"56":3,"57":39,"58":5,"59":5,"60":2,"61":4,"62":2,"63":8,"64":12,"65":3},"fnMap":{"1":{"name":"BigInteger","line":129,"loc":{"start":{"line":129,"column":0},"end":{"line":129,"column":22}}},"2":{"name":"(anonymous_2)","line":148,"loc":{"start":{"line":148,"column":24},"end":{"line":148,"column":53}}},"3":{"name":"(anonymous_3)","line":165,"loc":{"start":{"line":165,"column":22},"end":{"line":165,"column":37}}},"4":{"name":"(anonymous_4)","line":202,"loc":{"start":{"line":202,"column":24},"end":{"line":202,"column":46}}},"5":{"name":"(anonymous_5)","line":280,"loc":{"start":{"line":280,"column":46},"end":{"line":280,"column":59}}},"6":{"name":"(anonymous_6)","line":303,"loc":{"start":{"line":303,"column":42},"end":{"line":303,"column":61}}},"7":{"name":"trustedStripLeadingZeroInts","line":329,"loc":{"start":{"line":329,"column":0},"end":{"line":329,"column":42}}},"8":{"name":"(anonymous_8)","line":348,"loc":{"start":{"line":348,"column":33},"end":{"line":348,"column":45}}},"9":{"name":"(anonymous_9)","line":388,"loc":{"start":{"line":388,"column":32},"end":{"line":388,"column":44}}},"10":{"name":"(anonymous_10)","line":412,"loc":{"start":{"line":412,"column":27},"end":{"line":412,"column":39}}},"11":{"name":"(anonymous_11)","line":421,"loc":{"start":{"line":421,"column":30},"end":{"line":421,"column":42}}},"12":{"name":"stripLeadingZeroInts","line":428,"loc":{"start":{"line":428,"column":0},"end":{"line":428,"column":35}}},"13":{"name":"_fromMag","line":437,"loc":{"start":{"line":437,"column":0},"end":{"line":437,"column":37}}},"14":{"name":"(anonymous_14)","line":454,"loc":{"start":{"line":454,"column":21},"end":{"line":454,"column":50}}},"15":{"name":"(anonymous_15)","line":483,"loc":{"start":{"line":483,"column":32},"end":{"line":483,"column":44}}},"16":{"name":"(anonymous_16)","line":492,"loc":{"start":{"line":492,"column":43},"end":{"line":492,"column":55}}},"17":{"name":"(anonymous_17)","line":514,"loc":{"start":{"line":514,"column":31},"end":{"line":514,"column":44}}},"18":{"name":"primitiveRightShift","line":530,"loc":{"start":{"line":530,"column":0},"end":{"line":530,"column":32}}},"19":{"name":"(anonymous_19)","line":556,"loc":{"start":{"line":556,"column":33},"end":{"line":556,"column":45}}},"20":{"name":"(anonymous_20)","line":565,"loc":{"start":{"line":565,"column":35},"end":{"line":565,"column":55}}},"21":{"name":"(anonymous_21)","line":572,"loc":{"start":{"line":572,"column":32},"end":{"line":572,"column":49}}},"22":{"name":"add","line":626,"loc":{"start":{"line":626,"column":0},"end":{"line":626,"column":19}}},"23":{"name":"subtract","line":673,"loc":{"start":{"line":673,"column":0},"end":{"line":673,"column":31}}},"24":{"name":"(anonymous_24)","line":704,"loc":{"start":{"line":704,"column":27},"end":{"line":704,"column":42}}},"25":{"name":"(anonymous_25)","line":728,"loc":{"start":{"line":728,"column":32},"end":{"line":728,"column":47}}},"26":{"name":"(anonymous_26)","line":752,"loc":{"start":{"line":752,"column":40},"end":{"line":752,"column":55}}},"27":{"name":"multiplyToLen","line":774,"loc":{"start":{"line":774,"column":0},"end":{"line":774,"column":44}}},"28":{"name":"(anonymous_28)","line":807,"loc":{"start":{"line":807,"column":32},"end":{"line":807,"column":47}}},"29":{"name":"(anonymous_29)","line":820,"loc":{"start":{"line":820,"column":33},"end":{"line":820,"column":45}}},"30":{"name":"valueOf","line":829,"loc":{"start":{"line":829,"column":0},"end":{"line":829,"column":22}}},"31":{"name":"(anonymous_31)","line":834,"loc":{"start":{"line":834,"column":21},"end":{"line":834,"column":36}}},"32":{"name":"makePositive","line":851,"loc":{"start":{"line":851,"column":0},"end":{"line":851,"column":25}}},"33":{"name":"(anonymous_33)","line":885,"loc":{"start":{"line":885,"column":27},"end":{"line":885,"column":42}}},"34":{"name":"(anonymous_34)","line":896,"loc":{"start":{"line":896,"column":43},"end":{"line":896,"column":64}}},"35":{"name":"mulAdd","line":963,"loc":{"start":{"line":963,"column":0},"end":{"line":963,"column":42}}},"36":{"name":"addOne","line":981,"loc":{"start":{"line":981,"column":0},"end":{"line":981,"column":40}}},"37":{"name":"primitiveLeftShift","line":1001,"loc":{"start":{"line":1001,"column":0},"end":{"line":1001,"column":39}}},"38":{"name":"(anonymous_38)","line":1023,"loc":{"start":{"line":1023,"column":27},"end":{"line":1023,"column":47}}},"39":{"name":"(anonymous_39)","line":1055,"loc":{"start":{"line":1055,"column":26},"end":{"line":1055,"column":41}}},"40":{"name":"(anonymous_40)","line":1072,"loc":{"start":{"line":1072,"column":27},"end":{"line":1072,"column":42}}},"41":{"name":"(anonymous_41)","line":1090,"loc":{"start":{"line":1090,"column":30},"end":{"line":1090,"column":45}}},"42":{"name":"(anonymous_42)","line":1105,"loc":{"start":{"line":1105,"column":27},"end":{"line":1105,"column":39}}},"43":{"name":"(anonymous_43)","line":1121,"loc":{"start":{"line":1121,"column":32},"end":{"line":1121,"column":44}}},"44":{"name":"(anonymous_44)","line":1150,"loc":{"start":{"line":1150,"column":32},"end":{"line":1150,"column":45}}},"45":{"name":"(anonymous_45)","line":1177,"loc":{"start":{"line":1177,"column":33},"end":{"line":1177,"column":46}}},"46":{"name":"(anonymous_46)","line":1230,"loc":{"start":{"line":1230,"column":34},"end":{"line":1230,"column":47}}},"47":{"name":"javaIncrement","line":1286,"loc":{"start":{"line":1286,"column":0},"end":{"line":1286,"column":28}}},"48":{"name":"(anonymous_48)","line":1310,"loc":{"start":{"line":1310,"column":33},"end":{"line":1310,"column":48}}},"49":{"name":"(anonymous_49)","line":1331,"loc":{"start":{"line":1331,"column":30},"end":{"line":1331,"column":43}}},"50":{"name":"(anonymous_50)","line":1365,"loc":{"start":{"line":1365,"column":30},"end":{"line":1365,"column":45}}},"51":{"name":"(anonymous_51)","line":1381,"loc":{"start":{"line":1381,"column":33},"end":{"line":1381,"column":48}}},"52":{"name":"(anonymous_52)","line":1399,"loc":{"start":{"line":1399,"column":27},"end":{"line":1399,"column":40}}},"53":{"name":"(anonymous_53)","line":1415,"loc":{"start":{"line":1415,"column":31},"end":{"line":1415,"column":44}}},"54":{"name":"(anonymous_54)","line":1421,"loc":{"start":{"line":1421,"column":29},"end":{"line":1421,"column":41}}},"55":{"name":"intArrayCmpToLen","line":1432,"loc":{"start":{"line":1432,"column":0},"end":{"line":1432,"column":43}}},"56":{"name":"subN","line":1447,"loc":{"start":{"line":1447,"column":0},"end":{"line":1447,"column":25}}},"57":{"name":"(anonymous_57)","line":1463,"loc":{"start":{"line":1463,"column":41},"end":{"line":1463,"column":70}}},"58":{"name":"leftShift","line":1489,"loc":{"start":{"line":1489,"column":0},"end":{"line":1489,"column":30}}},"59":{"name":"(anonymous_59)","line":1519,"loc":{"start":{"line":1519,"column":33},"end":{"line":1519,"column":49}}},"60":{"name":"(anonymous_60)","line":1757,"loc":{"start":{"line":1757,"column":39},"end":{"line":1757,"column":51}}},"61":{"name":"(anonymous_61)","line":1784,"loc":{"start":{"line":1784,"column":34},"end":{"line":1784,"column":47}}},"62":{"name":"(anonymous_62)","line":1810,"loc":{"start":{"line":1810,"column":31},"end":{"line":1810,"column":54}}},"63":{"name":"(anonymous_63)","line":1840,"loc":{"start":{"line":1840,"column":30},"end":{"line":1840,"column":42}}},"64":{"name":"(anonymous_64)","line":1851,"loc":{"start":{"line":1851,"column":28},"end":{"line":1851,"column":41}}},"65":{"name":"(anonymous_65)","line":1880,"loc":{"start":{"line":1880,"column":30},"end":{"line":1880,"column":53}}}},"statementMap":{"1":{"start":{"line":64,"column":0},"end":{"line":64,"column":27}},"2":{"start":{"line":65,"column":0},"end":{"line":65,"column":35}},"3":{"start":{"line":66,"column":0},"end":{"line":66,"column":33}},"4":{"start":{"line":67,"column":0},"end":{"line":67,"column":55}},"5":{"start":{"line":68,"column":0},"end":{"line":68,"column":47}},"6":{"start":{"line":70,"column":0},"end":{"line":70,"column":18}},"7":{"start":{"line":71,"column":0},"end":{"line":71,"column":19}},"8":{"start":{"line":73,"column":0},"end":{"line":78,"column":2}},"9":{"start":{"line":80,"column":0},"end":{"line":83,"column":2}},"10":{"start":{"line":84,"column":0},"end":{"line":86,"column":70}},"11":{"start":{"line":88,"column":0},"end":{"line":96,"column":2}},"12":{"start":{"line":98,"column":0},"end":{"line":98,"column":27}},"13":{"start":{"line":99,"column":0},"end":{"line":99,"column":22}},"14":{"start":{"line":101,"column":0},"end":{"line":120,"column":2}},"15":{"start":{"line":123,"column":0},"end":{"line":123,"column":32}},"16":{"start":{"line":124,"column":0},"end":{"line":124,"column":78}},"17":{"start":{"line":125,"column":0},"end":{"line":126,"column":39}},"18":{"start":{"line":126,"column":2},"end":{"line":126,"column":39}},"19":{"start":{"line":129,"column":0},"end":{"line":136,"column":1}},"20":{"start":{"line":130,"column":2},"end":{"line":130,"column":14}},"21":{"start":{"line":131,"column":2},"end":{"line":131,"column":11}},"22":{"start":{"line":132,"column":2},"end":{"line":132,"column":22}},"23":{"start":{"line":133,"column":2},"end":{"line":133,"column":20}},"24":{"start":{"line":134,"column":2},"end":{"line":134,"column":30}},"25":{"start":{"line":135,"column":2},"end":{"line":135,"column":24}},"26":{"start":{"line":148,"column":0},"end":{"line":163,"column":2}},"27":{"start":{"line":149,"column":2},"end":{"line":149,"column":37}},"28":{"start":{"line":150,"column":2},"end":{"line":150,"column":66}},"29":{"start":{"line":152,"column":2},"end":{"line":153,"column":44}},"30":{"start":{"line":153,"column":4},"end":{"line":153,"column":44}},"31":{"start":{"line":155,"column":2},"end":{"line":161,"column":3}},"32":{"start":{"line":156,"column":4},"end":{"line":156,"column":27}},"33":{"start":{"line":158,"column":4},"end":{"line":159,"column":51}},"34":{"start":{"line":159,"column":6},"end":{"line":159,"column":51}},"35":{"start":{"line":160,"column":4},"end":{"line":160,"column":32}},"36":{"start":{"line":162,"column":2},"end":{"line":162,"column":21}},"37":{"start":{"line":165,"column":0},"end":{"line":183,"column":2}},"38":{"start":{"line":166,"column":2},"end":{"line":166,"column":37}},"39":{"start":{"line":167,"column":2},"end":{"line":172,"column":3}},"40":{"start":{"line":168,"column":4},"end":{"line":168,"column":23}},"41":{"start":{"line":169,"column":4},"end":{"line":169,"column":28}},"42":{"start":{"line":171,"column":4},"end":{"line":171,"column":27}},"43":{"start":{"line":174,"column":2},"end":{"line":181,"column":3}},"44":{"start":{"line":175,"column":4},"end":{"line":175,"column":41}},"45":{"start":{"line":176,"column":4},"end":{"line":176,"column":33}},"46":{"start":{"line":178,"column":4},"end":{"line":178,"column":41}},"47":{"start":{"line":179,"column":4},"end":{"line":179,"column":34}},"48":{"start":{"line":180,"column":4},"end":{"line":180,"column":33}},"49":{"start":{"line":182,"column":2},"end":{"line":182,"column":21}},"50":{"start":{"line":202,"column":0},"end":{"line":275,"column":2}},"51":{"start":{"line":203,"column":2},"end":{"line":203,"column":22}},"52":{"start":{"line":204,"column":2},"end":{"line":204,"column":17}},"53":{"start":{"line":205,"column":2},"end":{"line":205,"column":16}},"54":{"start":{"line":206,"column":2},"end":{"line":206,"column":23}},"55":{"start":{"line":207,"column":2},"end":{"line":209,"column":3}},"56":{"start":{"line":208,"column":4},"end":{"line":208,"column":42}},"57":{"start":{"line":210,"column":2},"end":{"line":212,"column":3}},"58":{"start":{"line":211,"column":4},"end":{"line":211,"column":46}},"59":{"start":{"line":213,"column":2},"end":{"line":213,"column":15}},"60":{"start":{"line":214,"column":2},"end":{"line":214,"column":36}},"61":{"start":{"line":215,"column":2},"end":{"line":215,"column":36}},"62":{"start":{"line":216,"column":2},"end":{"line":228,"column":3}},"63":{"start":{"line":217,"column":4},"end":{"line":222,"column":5}},"64":{"start":{"line":218,"column":6},"end":{"line":218,"column":17}},"65":{"start":{"line":219,"column":6},"end":{"line":221,"column":7}},"66":{"start":{"line":220,"column":8},"end":{"line":220,"column":50}},"67":{"start":{"line":223,"column":4},"end":{"line":225,"column":5}},"68":{"start":{"line":224,"column":6},"end":{"line":224,"column":16}},"69":{"start":{"line":227,"column":4},"end":{"line":227,"column":55}},"70":{"start":{"line":229,"column":2},"end":{"line":229,"column":37}},"71":{"start":{"line":232,"column":2},"end":{"line":234,"column":3}},"72":{"start":{"line":233,"column":4},"end":{"line":233,"column":13}},"73":{"start":{"line":235,"column":2},"end":{"line":239,"column":3}},"74":{"start":{"line":238,"column":4},"end":{"line":238,"column":16}},"75":{"start":{"line":240,"column":2},"end":{"line":240,"column":27}},"76":{"start":{"line":241,"column":2},"end":{"line":241,"column":28}},"77":{"start":{"line":244,"column":2},"end":{"line":244,"column":77}},"78":{"start":{"line":245,"column":2},"end":{"line":245,"column":38}},"79":{"start":{"line":247,"column":2},"end":{"line":247,"column":44}},"80":{"start":{"line":251,"column":2},"end":{"line":251,"column":54}},"81":{"start":{"line":252,"column":2},"end":{"line":253,"column":40}},"82":{"start":{"line":253,"column":4},"end":{"line":253,"column":40}},"83":{"start":{"line":255,"column":2},"end":{"line":255,"column":61}},"84":{"start":{"line":257,"column":2},"end":{"line":257,"column":51}},"85":{"start":{"line":258,"column":2},"end":{"line":259,"column":37}},"86":{"start":{"line":259,"column":4},"end":{"line":259,"column":37}},"87":{"start":{"line":262,"column":2},"end":{"line":262,"column":35}},"88":{"start":{"line":263,"column":2},"end":{"line":263,"column":19}},"89":{"start":{"line":264,"column":2},"end":{"line":271,"column":3}},"90":{"start":{"line":265,"column":6},"end":{"line":265,"column":67}},"91":{"start":{"line":266,"column":6},"end":{"line":266,"column":40}},"92":{"start":{"line":268,"column":6},"end":{"line":269,"column":43}},"93":{"start":{"line":269,"column":10},"end":{"line":269,"column":43}},"94":{"start":{"line":270,"column":6},"end":{"line":270,"column":70}},"95":{"start":{"line":273,"column":2},"end":{"line":273,"column":59}},"96":{"start":{"line":274,"column":2},"end":{"line":274,"column":21}},"97":{"start":{"line":280,"column":0},"end":{"line":303,"column":0}},"98":{"start":{"line":281,"column":2},"end":{"line":281,"column":28}},"99":{"start":{"line":282,"column":2},"end":{"line":282,"column":11}},"100":{"start":{"line":285,"column":2},"end":{"line":286,"column":7}},"101":{"start":{"line":289,"column":2},"end":{"line":289,"column":50}},"102":{"start":{"line":290,"column":2},"end":{"line":290,"column":42}},"103":{"start":{"line":291,"column":2},"end":{"line":291,"column":25}},"104":{"start":{"line":292,"column":2},"end":{"line":298,"column":3}},"105":{"start":{"line":293,"column":4},"end":{"line":293,"column":30}},"106":{"start":{"line":294,"column":4},"end":{"line":294,"column":38}},"107":{"start":{"line":295,"column":4},"end":{"line":295,"column":54}},"108":{"start":{"line":296,"column":4},"end":{"line":297,"column":42}},"109":{"start":{"line":297,"column":6},"end":{"line":297,"column":42}},"110":{"start":{"line":299,"column":2},"end":{"line":299,"column":16}},"111":{"start":{"line":303,"column":0},"end":{"line":327,"column":2}},"112":{"start":{"line":305,"column":2},"end":{"line":305,"column":40}},"113":{"start":{"line":306,"column":2},"end":{"line":306,"column":23}},"114":{"start":{"line":307,"column":2},"end":{"line":307,"column":21}},"115":{"start":{"line":308,"column":2},"end":{"line":308,"column":26}},"116":{"start":{"line":309,"column":2},"end":{"line":309,"column":16}},"117":{"start":{"line":310,"column":2},"end":{"line":315,"column":3}},"118":{"start":{"line":312,"column":4},"end":{"line":312,"column":86}},"119":{"start":{"line":313,"column":4},"end":{"line":313,"column":23}},"120":{"start":{"line":314,"column":4},"end":{"line":314,"column":25}},"121":{"start":{"line":317,"column":2},"end":{"line":317,"column":40}},"122":{"start":{"line":318,"column":2},"end":{"line":318,"column":29}},"123":{"start":{"line":319,"column":2},"end":{"line":319,"column":21}},"124":{"start":{"line":320,"column":2},"end":{"line":320,"column":19}},"125":{"start":{"line":321,"column":2},"end":{"line":325,"column":3}},"126":{"start":{"line":322,"column":4},"end":{"line":322,"column":49}},"127":{"start":{"line":323,"column":4},"end":{"line":323,"column":19}},"128":{"start":{"line":324,"column":4},"end":{"line":324,"column":21}},"129":{"start":{"line":329,"column":0},"end":{"line":336,"column":1}},"130":{"start":{"line":330,"column":2},"end":{"line":330,"column":24}},"131":{"start":{"line":331,"column":2},"end":{"line":331,"column":11}},"132":{"start":{"line":333,"column":2},"end":{"line":334,"column":7}},"133":{"start":{"line":335,"column":2},"end":{"line":335,"column":63}},"134":{"start":{"line":348,"column":0},"end":{"line":388,"column":0}},"135":{"start":{"line":349,"column":2},"end":{"line":349,"column":30}},"136":{"start":{"line":350,"column":2},"end":{"line":370,"column":3}},"137":{"start":{"line":351,"column":4},"end":{"line":351,"column":21}},"138":{"start":{"line":352,"column":4},"end":{"line":352,"column":23}},"139":{"start":{"line":353,"column":4},"end":{"line":368,"column":5}},"140":{"start":{"line":354,"column":6},"end":{"line":354,"column":12}},"141":{"start":{"line":357,"column":6},"end":{"line":357,"column":87}},"142":{"start":{"line":358,"column":7},"end":{"line":367,"column":8}},"143":{"start":{"line":360,"column":11},"end":{"line":360,"column":59}},"144":{"start":{"line":361,"column":11},"end":{"line":362,"column":41}},"145":{"start":{"line":362,"column":15},"end":{"line":362,"column":41}},"146":{"start":{"line":364,"column":11},"end":{"line":364,"column":55}},"147":{"start":{"line":366,"column":11},"end":{"line":366,"column":28}},"148":{"start":{"line":369,"column":4},"end":{"line":369,"column":22}},"149":{"start":{"line":371,"column":2},"end":{"line":371,"column":11}},"150":{"start":{"line":388,"column":0},"end":{"line":412,"column":0}},"151":{"start":{"line":389,"column":2},"end":{"line":389,"column":55}},"152":{"start":{"line":390,"column":2},"end":{"line":390,"column":38}},"153":{"start":{"line":391,"column":2},"end":{"line":391,"column":23}},"154":{"start":{"line":393,"column":2},"end":{"line":402,"column":3}},"155":{"start":{"line":394,"column":4},"end":{"line":400,"column":5}},"156":{"start":{"line":395,"column":8},"end":{"line":395,"column":43}},"157":{"start":{"line":396,"column":8},"end":{"line":396,"column":24}},"158":{"start":{"line":398,"column":8},"end":{"line":398,"column":23}},"159":{"start":{"line":399,"column":8},"end":{"line":399,"column":22}},"160":{"start":{"line":401,"column":4},"end":{"line":401,"column":27}},"161":{"start":{"line":403,"column":2},"end":{"line":403,"column":19}},"162":{"start":{"line":412,"column":0},"end":{"line":414,"column":2}},"163":{"start":{"line":413,"column":2},"end":{"line":413,"column":49}},"164":{"start":{"line":421,"column":0},"end":{"line":423,"column":2}},"165":{"start":{"line":422,"column":2},"end":{"line":422,"column":52}},"166":{"start":{"line":428,"column":0},"end":{"line":435,"column":1}},"167":{"start":{"line":429,"column":2},"end":{"line":429,"column":24}},"168":{"start":{"line":430,"column":2},"end":{"line":430,"column":11}},"169":{"start":{"line":432,"column":2},"end":{"line":433,"column":7}},"170":{"start":{"line":434,"column":2},"end":{"line":434,"column":45}},"171":{"start":{"line":437,"column":0},"end":{"line":452,"column":1}},"172":{"start":{"line":438,"column":2},"end":{"line":438,"column":37}},"173":{"start":{"line":439,"column":2},"end":{"line":439,"column":52}},"174":{"start":{"line":441,"column":2},"end":{"line":442,"column":47}},"175":{"start":{"line":442,"column":6},"end":{"line":442,"column":47}},"176":{"start":{"line":444,"column":2},"end":{"line":450,"column":3}},"177":{"start":{"line":445,"column":6},"end":{"line":445,"column":29}},"178":{"start":{"line":447,"column":6},"end":{"line":448,"column":56}},"179":{"start":{"line":448,"column":10},"end":{"line":448,"column":56}},"180":{"start":{"line":449,"column":6},"end":{"line":449,"column":34}},"181":{"start":{"line":451,"column":2},"end":{"line":451,"column":21}},"182":{"start":{"line":454,"column":0},"end":{"line":480,"column":2}},"183":{"start":{"line":456,"column":2},"end":{"line":456,"column":37}},"184":{"start":{"line":458,"column":2},"end":{"line":476,"column":3}},"185":{"start":{"line":460,"column":4},"end":{"line":461,"column":48}},"186":{"start":{"line":461,"column":6},"end":{"line":461,"column":48}},"187":{"start":{"line":463,"column":4},"end":{"line":469,"column":5}},"188":{"start":{"line":464,"column":6},"end":{"line":464,"column":39}},"189":{"start":{"line":465,"column":6},"end":{"line":465,"column":30}},"190":{"start":{"line":467,"column":6},"end":{"line":467,"column":63}},"191":{"start":{"line":468,"column":6},"end":{"line":469,"column":4}},"192":{"start":{"line":473,"column":4},"end":{"line":473,"column":63}},"193":{"start":{"line":474,"column":4},"end":{"line":474,"column":32}},"194":{"start":{"line":478,"column":2},"end":{"line":478,"column":21}},"195":{"start":{"line":483,"column":0},"end":{"line":492,"column":0}},"196":{"start":{"line":484,"column":2},"end":{"line":484,"column":34}},"197":{"start":{"line":492,"column":0},"end":{"line":514,"column":0}},"198":{"start":{"line":493,"column":1},"end":{"line":493,"column":38}},"199":{"start":{"line":494,"column":1},"end":{"line":504,"column":2}},"200":{"start":{"line":495,"column":3},"end":{"line":495,"column":10}},"201":{"start":{"line":498,"column":3},"end":{"line":498,"column":9}},"202":{"start":{"line":499,"column":3},"end":{"line":499,"column":30}},"203":{"start":{"line":500,"column":3},"end":{"line":501,"column":8}},"204":{"start":{"line":502,"column":3},"end":{"line":502,"column":21}},"205":{"start":{"line":503,"column":3},"end":{"line":503,"column":36}},"206":{"start":{"line":505,"column":1},"end":{"line":505,"column":11}},"207":{"start":{"line":514,"column":0},"end":{"line":530,"column":0}},"208":{"start":{"line":515,"column":2},"end":{"line":516,"column":13}},"209":{"start":{"line":516,"column":4},"end":{"line":516,"column":13}},"210":{"start":{"line":517,"column":2},"end":{"line":518,"column":27}},"211":{"start":{"line":518,"column":4},"end":{"line":518,"column":27}},"212":{"start":{"line":520,"column":2},"end":{"line":520,"column":49}},"213":{"start":{"line":522,"column":2},"end":{"line":522,"column":93}},"214":{"start":{"line":530,"column":0},"end":{"line":540,"column":1}},"215":{"start":{"line":532,"column":2},"end":{"line":532,"column":23}},"216":{"start":{"line":533,"column":2},"end":{"line":533,"column":18}},"217":{"start":{"line":534,"column":2},"end":{"line":538,"column":3}},"218":{"start":{"line":535,"column":4},"end":{"line":535,"column":14}},"219":{"start":{"line":536,"column":4},"end":{"line":536,"column":19}},"220":{"start":{"line":537,"column":4},"end":{"line":537,"column":35}},"221":{"start":{"line":539,"column":2},"end":{"line":539,"column":21}},"222":{"start":{"line":556,"column":0},"end":{"line":565,"column":0}},"223":{"start":{"line":557,"column":2},"end":{"line":557,"column":25}},"224":{"start":{"line":558,"column":2},"end":{"line":560,"column":3}},"225":{"start":{"line":559,"column":4},"end":{"line":559,"column":79}},"226":{"start":{"line":561,"column":2},"end":{"line":561,"column":16}},"227":{"start":{"line":565,"column":0},"end":{"line":572,"column":0}},"228":{"start":{"line":566,"column":2},"end":{"line":568,"column":3}},"229":{"start":{"line":567,"column":4},"end":{"line":567,"column":16}},"230":{"start":{"line":569,"column":2},"end":{"line":569,"column":58}},"231":{"start":{"line":572,"column":0},"end":{"line":626,"column":0}},"232":{"start":{"line":573,"column":2},"end":{"line":575,"column":3}},"233":{"start":{"line":574,"column":4},"end":{"line":574,"column":15}},"234":{"start":{"line":577,"column":2},"end":{"line":578,"column":15}},"235":{"start":{"line":578,"column":4},"end":{"line":578,"column":15}},"236":{"start":{"line":579,"column":2},"end":{"line":580,"column":15}},"237":{"start":{"line":580,"column":4},"end":{"line":580,"column":15}},"238":{"start":{"line":583,"column":2},"end":{"line":583,"column":66}},"239":{"start":{"line":585,"column":2},"end":{"line":585,"column":54}},"240":{"start":{"line":588,"column":2},"end":{"line":588,"column":23}},"241":{"start":{"line":589,"column":2},"end":{"line":589,"column":20}},"242":{"start":{"line":590,"column":2},"end":{"line":600,"column":3}},"243":{"start":{"line":591,"column":4},"end":{"line":591,"column":50}},"244":{"start":{"line":592,"column":4},"end":{"line":592,"column":36}},"245":{"start":{"line":593,"column":4},"end":{"line":593,"column":43}},"246":{"start":{"line":594,"column":4},"end":{"line":594,"column":41}},"247":{"start":{"line":595,"column":4},"end":{"line":595,"column":27}},"248":{"start":{"line":596,"column":4},"end":{"line":596,"column":72}},"249":{"start":{"line":597,"column":4},"end":{"line":597,"column":72}},"250":{"start":{"line":598,"column":4},"end":{"line":598,"column":71}},"251":{"start":{"line":599,"column":4},"end":{"line":599,"column":13}},"252":{"start":{"line":604,"column":2},"end":{"line":604,"column":15}},"253":{"start":{"line":605,"column":2},"end":{"line":606,"column":18}},"254":{"start":{"line":606,"column":4},"end":{"line":606,"column":18}},"255":{"start":{"line":607,"column":2},"end":{"line":607,"column":36}},"256":{"start":{"line":610,"column":2},"end":{"line":616,"column":3}},"257":{"start":{"line":612,"column":4},"end":{"line":612,"column":68}},"258":{"start":{"line":613,"column":4},"end":{"line":614,"column":41}},"259":{"start":{"line":614,"column":8},"end":{"line":614,"column":41}},"260":{"start":{"line":615,"column":4},"end":{"line":615,"column":28}},"261":{"start":{"line":618,"column":2},"end":{"line":618,"column":22}},"262":{"start":{"line":626,"column":0},"end":{"line":665,"column":1}},"263":{"start":{"line":628,"column":2},"end":{"line":632,"column":3}},"264":{"start":{"line":629,"column":4},"end":{"line":629,"column":16}},"265":{"start":{"line":630,"column":4},"end":{"line":630,"column":10}},"266":{"start":{"line":631,"column":4},"end":{"line":631,"column":12}},"267":{"start":{"line":634,"column":2},"end":{"line":634,"column":24}},"268":{"start":{"line":635,"column":2},"end":{"line":635,"column":24}},"269":{"start":{"line":636,"column":2},"end":{"line":636,"column":39}},"270":{"start":{"line":638,"column":2},"end":{"line":638,"column":22}},"271":{"start":{"line":641,"column":2},"end":{"line":646,"column":3}},"272":{"start":{"line":643,"column":4},"end":{"line":643,"column":111}},"273":{"start":{"line":645,"column":4},"end":{"line":645,"column":29}},"274":{"start":{"line":649,"column":2},"end":{"line":649,"column":51}},"275":{"start":{"line":650,"column":2},"end":{"line":651,"column":54}},"276":{"start":{"line":651,"column":4},"end":{"line":651,"column":54}},"277":{"start":{"line":654,"column":2},"end":{"line":655,"column":33}},"278":{"start":{"line":655,"column":4},"end":{"line":655,"column":33}},"279":{"start":{"line":658,"column":2},"end":{"line":663,"column":3}},"280":{"start":{"line":659,"column":4},"end":{"line":659,"column":52}},"281":{"start":{"line":660,"column":4},"end":{"line":660,"column":58}},"282":{"start":{"line":661,"column":4},"end":{"line":661,"column":21}},"283":{"start":{"line":662,"column":4},"end":{"line":662,"column":18}},"284":{"start":{"line":664,"column":2},"end":{"line":664,"column":16}},"285":{"start":{"line":673,"column":0},"end":{"line":696,"column":1}},"286":{"start":{"line":674,"column":2},"end":{"line":674,"column":28}},"287":{"start":{"line":675,"column":2},"end":{"line":675,"column":41}},"288":{"start":{"line":676,"column":2},"end":{"line":676,"column":34}},"289":{"start":{"line":678,"column":2},"end":{"line":678,"column":29}},"290":{"start":{"line":681,"column":2},"end":{"line":684,"column":3}},"291":{"start":{"line":682,"column":4},"end":{"line":682,"column":144}},"292":{"start":{"line":683,"column":4},"end":{"line":683,"column":38}},"293":{"start":{"line":687,"column":2},"end":{"line":687,"column":59}},"294":{"start":{"line":688,"column":2},"end":{"line":689,"column":62}},"295":{"start":{"line":689,"column":4},"end":{"line":689,"column":62}},"296":{"start":{"line":692,"column":2},"end":{"line":693,"column":39}},"297":{"start":{"line":693,"column":4},"end":{"line":693,"column":39}},"298":{"start":{"line":695,"column":2},"end":{"line":695,"column":16}},"299":{"start":{"line":704,"column":0},"end":{"line":728,"column":0}},"300":{"start":{"line":705,"column":2},"end":{"line":706,"column":16}},"301":{"start":{"line":706,"column":4},"end":{"line":706,"column":16}},"302":{"start":{"line":707,"column":2},"end":{"line":708,"column":15}},"303":{"start":{"line":708,"column":4},"end":{"line":708,"column":15}},"304":{"start":{"line":709,"column":2},"end":{"line":710,"column":67}},"305":{"start":{"line":710,"column":4},"end":{"line":710,"column":67}},"306":{"start":{"line":712,"column":2},"end":{"line":712,"column":39}},"307":{"start":{"line":713,"column":2},"end":{"line":714,"column":16}},"308":{"start":{"line":714,"column":4},"end":{"line":714,"column":16}},"309":{"start":{"line":715,"column":2},"end":{"line":715,"column":88}},"310":{"start":{"line":716,"column":2},"end":{"line":716,"column":53}},"311":{"start":{"line":718,"column":2},"end":{"line":718,"column":69}},"312":{"start":{"line":728,"column":0},"end":{"line":752,"column":0}},"313":{"start":{"line":729,"column":2},"end":{"line":730,"column":16}},"314":{"start":{"line":730,"column":4},"end":{"line":730,"column":16}},"315":{"start":{"line":731,"column":2},"end":{"line":732,"column":24}},"316":{"start":{"line":732,"column":4},"end":{"line":732,"column":24}},"317":{"start":{"line":733,"column":2},"end":{"line":734,"column":67}},"318":{"start":{"line":734,"column":4},"end":{"line":734,"column":67}},"319":{"start":{"line":736,"column":2},"end":{"line":736,"column":39}},"320":{"start":{"line":737,"column":2},"end":{"line":738,"column":16}},"321":{"start":{"line":738,"column":4},"end":{"line":738,"column":16}},"322":{"start":{"line":739,"column":2},"end":{"line":739,"column":88}},"323":{"start":{"line":740,"column":2},"end":{"line":740,"column":53}},"324":{"start":{"line":741,"column":2},"end":{"line":741,"column":68}},"325":{"start":{"line":752,"column":0},"end":{"line":774,"column":0}},"326":{"start":{"line":753,"column":2},"end":{"line":753,"column":20}},"327":{"start":{"line":754,"column":2},"end":{"line":754,"column":23}},"328":{"start":{"line":755,"column":2},"end":{"line":755,"column":19}},"329":{"start":{"line":756,"column":2},"end":{"line":756,"column":23}},"330":{"start":{"line":757,"column":2},"end":{"line":758,"column":14}},"331":{"start":{"line":758,"column":4},"end":{"line":758,"column":14}},"332":{"start":{"line":759,"column":2},"end":{"line":760,"column":13}},"333":{"start":{"line":760,"column":4},"end":{"line":760,"column":13}},"334":{"start":{"line":761,"column":2},"end":{"line":766,"column":3}},"335":{"start":{"line":762,"column":4},"end":{"line":762,"column":18}},"336":{"start":{"line":763,"column":4},"end":{"line":763,"column":18}},"337":{"start":{"line":764,"column":4},"end":{"line":765,"column":48}},"338":{"start":{"line":765,"column":6},"end":{"line":765,"column":48}},"339":{"start":{"line":767,"column":2},"end":{"line":767,"column":11}},"340":{"start":{"line":774,"column":0},"end":{"line":799,"column":1}},"341":{"start":{"line":775,"column":2},"end":{"line":775,"column":24}},"342":{"start":{"line":776,"column":2},"end":{"line":776,"column":24}},"343":{"start":{"line":778,"column":2},"end":{"line":779,"column":35}},"344":{"start":{"line":779,"column":4},"end":{"line":779,"column":35}},"345":{"start":{"line":781,"column":2},"end":{"line":781,"column":24}},"346":{"start":{"line":782,"column":2},"end":{"line":786,"column":3}},"347":{"start":{"line":783,"column":4},"end":{"line":783,"column":102}},"348":{"start":{"line":784,"column":4},"end":{"line":784,"column":23}},"349":{"start":{"line":785,"column":4},"end":{"line":785,"column":43}},"350":{"start":{"line":787,"column":2},"end":{"line":787,"column":24}},"351":{"start":{"line":789,"column":2},"end":{"line":797,"column":3}},"352":{"start":{"line":790,"column":4},"end":{"line":790,"column":22}},"353":{"start":{"line":791,"column":4},"end":{"line":795,"column":5}},"354":{"start":{"line":792,"column":8},"end":{"line":792,"column":135}},"355":{"start":{"line":793,"column":8},"end":{"line":793,"column":27}},"356":{"start":{"line":794,"column":8},"end":{"line":794,"column":47}},"357":{"start":{"line":796,"column":4},"end":{"line":796,"column":21}},"358":{"start":{"line":798,"column":2},"end":{"line":798,"column":11}},"359":{"start":{"line":807,"column":0},"end":{"line":820,"column":0}},"360":{"start":{"line":808,"column":2},"end":{"line":809,"column":16}},"361":{"start":{"line":809,"column":4},"end":{"line":809,"column":16}},"362":{"start":{"line":810,"column":2},"end":{"line":810,"column":87}},"363":{"start":{"line":811,"column":2},"end":{"line":811,"column":47}},"364":{"start":{"line":812,"column":2},"end":{"line":812,"column":73}},"365":{"start":{"line":813,"column":2},"end":{"line":813,"column":11}},"366":{"start":{"line":820,"column":0},"end":{"line":829,"column":0}},"367":{"start":{"line":821,"column":2},"end":{"line":821,"column":38}},"368":{"start":{"line":829,"column":0},"end":{"line":831,"column":1}},"369":{"start":{"line":830,"column":2},"end":{"line":830,"column":77}},"370":{"start":{"line":834,"column":0},"end":{"line":851,"column":0}},"371":{"start":{"line":836,"column":2},"end":{"line":837,"column":16}},"372":{"start":{"line":837,"column":4},"end":{"line":837,"column":16}},"373":{"start":{"line":838,"column":2},"end":{"line":841,"column":40}},"374":{"start":{"line":839,"column":6},"end":{"line":839,"column":31}},"375":{"start":{"line":840,"column":7},"end":{"line":841,"column":40}},"376":{"start":{"line":841,"column":6},"end":{"line":841,"column":40}},"377":{"start":{"line":843,"column":2},"end":{"line":843,"column":34}},"378":{"start":{"line":851,"column":0},"end":{"line":875,"column":1}},"379":{"start":{"line":852,"column":4},"end":{"line":852,"column":16}},"380":{"start":{"line":855,"column":4},"end":{"line":856,"column":9}},"381":{"start":{"line":860,"column":4},"end":{"line":861,"column":9}},"382":{"start":{"line":862,"column":4},"end":{"line":862,"column":44}},"383":{"start":{"line":863,"column":4},"end":{"line":863,"column":61}},"384":{"start":{"line":867,"column":4},"end":{"line":868,"column":44}},"385":{"start":{"line":868,"column":8},"end":{"line":868,"column":44}},"386":{"start":{"line":871,"column":4},"end":{"line":872,"column":9}},"387":{"start":{"line":874,"column":4},"end":{"line":874,"column":18}},"388":{"start":{"line":885,"column":0},"end":{"line":896,"column":0}},"389":{"start":{"line":886,"column":2},"end":{"line":886,"column":76}},"390":{"start":{"line":887,"column":2},"end":{"line":888,"column":83}},"391":{"start":{"line":888,"column":4},"end":{"line":888,"column":83}},"392":{"start":{"line":889,"column":2},"end":{"line":889,"column":25}},"393":{"start":{"line":896,"column":0},"end":{"line":963,"column":0}},"394":{"start":{"line":931,"column":2},"end":{"line":931,"column":22}},"395":{"start":{"line":932,"column":2},"end":{"line":933,"column":30}},"396":{"start":{"line":933,"column":4},"end":{"line":933,"column":30}},"397":{"start":{"line":936,"column":2},"end":{"line":936,"column":29}},"398":{"start":{"line":937,"column":2},"end":{"line":943,"column":3}},"399":{"start":{"line":938,"column":4},"end":{"line":938,"column":45}},"400":{"start":{"line":939,"column":4},"end":{"line":939,"column":40}},"401":{"start":{"line":940,"column":4},"end":{"line":940,"column":77}},"402":{"start":{"line":941,"column":4},"end":{"line":941,"column":47}},"403":{"start":{"line":942,"column":4},"end":{"line":942,"column":37}},"404":{"start":{"line":946,"column":2},"end":{"line":950,"column":3}},"405":{"start":{"line":947,"column":4},"end":{"line":947,"column":19}},"406":{"start":{"line":948,"column":4},"end":{"line":948,"column":37}},"407":{"start":{"line":949,"column":4},"end":{"line":949,"column":30}},"408":{"start":{"line":953,"column":2},"end":{"line":953,"column":33}},"409":{"start":{"line":954,"column":2},"end":{"line":954,"column":28}},"410":{"start":{"line":956,"column":2},"end":{"line":956,"column":11}},"411":{"start":{"line":963,"column":0},"end":{"line":974,"column":1}},"412":{"start":{"line":964,"column":2},"end":{"line":964,"column":40}},"413":{"start":{"line":965,"column":2},"end":{"line":965,"column":33}},"414":{"start":{"line":967,"column":2},"end":{"line":967,"column":35}},"415":{"start":{"line":968,"column":2},"end":{"line":972,"column":3}},"416":{"start":{"line":969,"column":4},"end":{"line":969,"column":117}},"417":{"start":{"line":970,"column":4},"end":{"line":970,"column":32}},"418":{"start":{"line":971,"column":4},"end":{"line":971,"column":43}},"419":{"start":{"line":973,"column":2},"end":{"line":973,"column":19}},"420":{"start":{"line":981,"column":0},"end":{"line":998,"column":1}},"421":{"start":{"line":982,"column":2},"end":{"line":982,"column":40}},"422":{"start":{"line":983,"column":2},"end":{"line":983,"column":79}},"423":{"start":{"line":985,"column":2},"end":{"line":985,"column":20}},"424":{"start":{"line":986,"column":2},"end":{"line":987,"column":13}},"425":{"start":{"line":987,"column":4},"end":{"line":987,"column":13}},"426":{"start":{"line":988,"column":2},"end":{"line":996,"column":3}},"427":{"start":{"line":989,"column":4},"end":{"line":995,"column":5}},"428":{"start":{"line":990,"column":6},"end":{"line":990,"column":15}},"429":{"start":{"line":992,"column":6},"end":{"line":992,"column":18}},"430":{"start":{"line":993,"column":6},"end":{"line":994,"column":17}},"431":{"start":{"line":994,"column":8},"end":{"line":994,"column":17}},"432":{"start":{"line":997,"column":2},"end":{"line":997,"column":11}},"433":{"start":{"line":1001,"column":0},"end":{"line":1011,"column":1}},"434":{"start":{"line":1002,"column":2},"end":{"line":1003,"column":11}},"435":{"start":{"line":1003,"column":4},"end":{"line":1003,"column":11}},"436":{"start":{"line":1004,"column":2},"end":{"line":1004,"column":18}},"437":{"start":{"line":1005,"column":2},"end":{"line":1009,"column":3}},"438":{"start":{"line":1006,"column":6},"end":{"line":1006,"column":16}},"439":{"start":{"line":1007,"column":6},"end":{"line":1007,"column":17}},"440":{"start":{"line":1008,"column":6},"end":{"line":1008,"column":35}},"441":{"start":{"line":1010,"column":2},"end":{"line":1010,"column":17}},"442":{"start":{"line":1023,"column":0},"end":{"line":1055,"column":0}},"443":{"start":{"line":1024,"column":2},"end":{"line":1025,"column":41}},"444":{"start":{"line":1025,"column":4},"end":{"line":1025,"column":41}},"445":{"start":{"line":1026,"column":2},"end":{"line":1027,"column":41}},"446":{"start":{"line":1027,"column":4},"end":{"line":1027,"column":41}},"447":{"start":{"line":1030,"column":2},"end":{"line":1030,"column":67}},"448":{"start":{"line":1031,"column":2},"end":{"line":1031,"column":28}},"449":{"start":{"line":1032,"column":2},"end":{"line":1032,"column":19}},"450":{"start":{"line":1034,"column":2},"end":{"line":1043,"column":3}},"451":{"start":{"line":1035,"column":4},"end":{"line":1038,"column":5}},"452":{"start":{"line":1036,"column":6},"end":{"line":1036,"column":89}},"453":{"start":{"line":1037,"column":6},"end":{"line":1037,"column":51}},"454":{"start":{"line":1039,"column":4},"end":{"line":1042,"column":5}},"455":{"start":{"line":1040,"column":6},"end":{"line":1040,"column":68}},"456":{"start":{"line":1041,"column":6},"end":{"line":1041,"column":59}},"457":{"start":{"line":1044,"column":2},"end":{"line":1044,"column":45}},"458":{"start":{"line":1055,"column":0},"end":{"line":1072,"column":0}},"459":{"start":{"line":1056,"column":2},"end":{"line":1056,"column":76}},"460":{"start":{"line":1057,"column":2},"end":{"line":1058,"column":83}},"461":{"start":{"line":1058,"column":4},"end":{"line":1058,"column":83}},"462":{"start":{"line":1060,"column":2},"end":{"line":1060,"column":25}},"463":{"start":{"line":1072,"column":0},"end":{"line":1090,"column":0}},"464":{"start":{"line":1073,"column":4},"end":{"line":1073,"column":78}},"465":{"start":{"line":1074,"column":4},"end":{"line":1075,"column":85}},"466":{"start":{"line":1075,"column":6},"end":{"line":1075,"column":85}},"467":{"start":{"line":1077,"column":4},"end":{"line":1077,"column":27}},"468":{"start":{"line":1090,"column":0},"end":{"line":1105,"column":0}},"469":{"start":{"line":1091,"column":2},"end":{"line":1091,"column":76}},"470":{"start":{"line":1092,"column":2},"end":{"line":1093,"column":84}},"471":{"start":{"line":1093,"column":4},"end":{"line":1093,"column":84}},"472":{"start":{"line":1095,"column":2},"end":{"line":1095,"column":25}},"473":{"start":{"line":1105,"column":0},"end":{"line":1121,"column":0}},"474":{"start":{"line":1106,"column":2},"end":{"line":1106,"column":49}},"475":{"start":{"line":1107,"column":2},"end":{"line":1108,"column":49}},"476":{"start":{"line":1108,"column":4},"end":{"line":1108,"column":49}},"477":{"start":{"line":1110,"column":2},"end":{"line":1110,"column":25}},"478":{"start":{"line":1121,"column":0},"end":{"line":1150,"column":0}},"479":{"start":{"line":1122,"column":2},"end":{"line":1122,"column":29}},"480":{"start":{"line":1123,"column":2},"end":{"line":1137,"column":3}},"481":{"start":{"line":1124,"column":4},"end":{"line":1124,"column":11}},"482":{"start":{"line":1126,"column":4},"end":{"line":1127,"column":42}},"483":{"start":{"line":1127,"column":6},"end":{"line":1127,"column":42}},"484":{"start":{"line":1128,"column":4},"end":{"line":1135,"column":5}},"485":{"start":{"line":1130,"column":6},"end":{"line":1130,"column":38}},"486":{"start":{"line":1131,"column":6},"end":{"line":1132,"column":37}},"487":{"start":{"line":1132,"column":10},"end":{"line":1132,"column":37}},"488":{"start":{"line":1133,"column":6},"end":{"line":1133,"column":73}},"489":{"start":{"line":1134,"column":6},"end":{"line":1134,"column":37}},"490":{"start":{"line":1136,"column":4},"end":{"line":1136,"column":27}},"491":{"start":{"line":1138,"column":2},"end":{"line":1138,"column":12}},"492":{"start":{"line":1150,"column":0},"end":{"line":1177,"column":0}},"493":{"start":{"line":1151,"column":2},"end":{"line":1152,"column":44}},"494":{"start":{"line":1152,"column":4},"end":{"line":1152,"column":44}},"495":{"start":{"line":1154,"column":2},"end":{"line":1154,"column":23}},"496":{"start":{"line":1155,"column":2},"end":{"line":1155,"column":80}},"497":{"start":{"line":1157,"column":2},"end":{"line":1158,"column":48}},"498":{"start":{"line":1158,"column":4},"end":{"line":1158,"column":48}},"499":{"start":{"line":1160,"column":2},"end":{"line":1160,"column":53}},"500":{"start":{"line":1162,"column":2},"end":{"line":1162,"column":25}},"501":{"start":{"line":1177,"column":0},"end":{"line":1230,"column":0}},"502":{"start":{"line":1178,"column":2},"end":{"line":1179,"column":16}},"503":{"start":{"line":1179,"column":4},"end":{"line":1179,"column":16}},"504":{"start":{"line":1180,"column":2},"end":{"line":1181,"column":16}},"505":{"start":{"line":1181,"column":4},"end":{"line":1181,"column":16}},"506":{"start":{"line":1182,"column":2},"end":{"line":1188,"column":3}},"507":{"start":{"line":1183,"column":4},"end":{"line":1187,"column":5}},"508":{"start":{"line":1184,"column":8},"end":{"line":1184,"column":78}},"509":{"start":{"line":1186,"column":8},"end":{"line":1186,"column":35}},"510":{"start":{"line":1190,"column":2},"end":{"line":1190,"column":22}},"511":{"start":{"line":1191,"column":2},"end":{"line":1191,"column":23}},"512":{"start":{"line":1192,"column":2},"end":{"line":1192,"column":31}},"513":{"start":{"line":1193,"column":2},"end":{"line":1193,"column":20}},"514":{"start":{"line":1195,"column":2},"end":{"line":1213,"column":3}},"515":{"start":{"line":1196,"column":4},"end":{"line":1196,"column":45}},"516":{"start":{"line":1197,"column":4},"end":{"line":1198,"column":30}},"517":{"start":{"line":1198,"column":6},"end":{"line":1198,"column":30}},"518":{"start":{"line":1200,"column":6},"end":{"line":1200,"column":16}},"519":{"start":{"line":1201,"column":6},"end":{"line":1201,"column":30}},"520":{"start":{"line":1202,"column":6},"end":{"line":1202,"column":44}},"521":{"start":{"line":1203,"column":6},"end":{"line":1208,"column":7}},"522":{"start":{"line":1204,"column":10},"end":{"line":1204,"column":55}},"523":{"start":{"line":1205,"column":10},"end":{"line":1205,"column":33}},"524":{"start":{"line":1207,"column":10},"end":{"line":1207,"column":51}},"525":{"start":{"line":1209,"column":6},"end":{"line":1209,"column":14}},"526":{"start":{"line":1210,"column":6},"end":{"line":1211,"column":72}},"527":{"start":{"line":1211,"column":10},"end":{"line":1211,"column":72}},"528":{"start":{"line":1212,"column":6},"end":{"line":1212,"column":39}},"529":{"start":{"line":1215,"column":2},"end":{"line":1215,"column":49}},"530":{"start":{"line":1230,"column":0},"end":{"line":1286,"column":0}},"531":{"start":{"line":1231,"column":4},"end":{"line":1232,"column":18}},"532":{"start":{"line":1232,"column":6},"end":{"line":1232,"column":18}},"533":{"start":{"line":1233,"column":4},"end":{"line":1239,"column":5}},"534":{"start":{"line":1234,"column":6},"end":{"line":1238,"column":7}},"535":{"start":{"line":1235,"column":10},"end":{"line":1235,"column":80}},"536":{"start":{"line":1237,"column":10},"end":{"line":1237,"column":36}},"537":{"start":{"line":1241,"column":4},"end":{"line":1241,"column":24}},"538":{"start":{"line":1242,"column":4},"end":{"line":1242,"column":25}},"539":{"start":{"line":1243,"column":4},"end":{"line":1243,"column":33}},"540":{"start":{"line":1244,"column":4},"end":{"line":1244,"column":22}},"541":{"start":{"line":1247,"column":4},"end":{"line":1248,"column":55}},"542":{"start":{"line":1248,"column":8},"end":{"line":1248,"column":55}},"543":{"start":{"line":1250,"column":4},"end":{"line":1269,"column":5}},"544":{"start":{"line":1251,"column":8},"end":{"line":1251,"column":39}},"545":{"start":{"line":1252,"column":8},"end":{"line":1252,"column":44}},"546":{"start":{"line":1253,"column":8},"end":{"line":1254,"column":36}},"547":{"start":{"line":1254,"column":12},"end":{"line":1254,"column":36}},"548":{"start":{"line":1256,"column":8},"end":{"line":1256,"column":18}},"549":{"start":{"line":1257,"column":8},"end":{"line":1257,"column":45}},"550":{"start":{"line":1258,"column":8},"end":{"line":1263,"column":9}},"551":{"start":{"line":1259,"column":12},"end":{"line":1259,"column":53}},"552":{"start":{"line":1260,"column":12},"end":{"line":1260,"column":35}},"553":{"start":{"line":1262,"column":12},"end":{"line":1262,"column":56}},"554":{"start":{"line":1265,"column":8},"end":{"line":1265,"column":32}},"555":{"start":{"line":1266,"column":8},"end":{"line":1266,"column":16}},"556":{"start":{"line":1267,"column":8},"end":{"line":1268,"column":78}},"557":{"start":{"line":1268,"column":12},"end":{"line":1268,"column":78}},"558":{"start":{"line":1271,"column":4},"end":{"line":1281,"column":5}},"559":{"start":{"line":1273,"column":8},"end":{"line":1273,"column":29}},"560":{"start":{"line":1274,"column":8},"end":{"line":1275,"column":42}},"561":{"start":{"line":1275,"column":12},"end":{"line":1275,"column":42}},"562":{"start":{"line":1276,"column":8},"end":{"line":1277,"column":75}},"563":{"start":{"line":1277,"column":12},"end":{"line":1277,"column":75}},"564":{"start":{"line":1279,"column":8},"end":{"line":1280,"column":43}},"565":{"start":{"line":1280,"column":12},"end":{"line":1280,"column":43}},"566":{"start":{"line":1283,"column":4},"end":{"line":1283,"column":51}},"567":{"start":{"line":1286,"column":0},"end":{"line":1295,"column":1}},"568":{"start":{"line":1287,"column":2},"end":{"line":1287,"column":18}},"569":{"start":{"line":1288,"column":2},"end":{"line":1289,"column":30}},"570":{"start":{"line":1289,"column":6},"end":{"line":1289,"column":30}},"571":{"start":{"line":1290,"column":2},"end":{"line":1293,"column":3}},"572":{"start":{"line":1291,"column":6},"end":{"line":1291,"column":42}},"573":{"start":{"line":1292,"column":6},"end":{"line":1292,"column":17}},"574":{"start":{"line":1294,"column":2},"end":{"line":1294,"column":13}},"575":{"start":{"line":1310,"column":0},"end":{"line":1331,"column":0}},"576":{"start":{"line":1311,"column":2},"end":{"line":1320,"column":3}},"577":{"start":{"line":1312,"column":4},"end":{"line":1319,"column":5}},"578":{"start":{"line":1314,"column":6},"end":{"line":1314,"column":40}},"579":{"start":{"line":1316,"column":6},"end":{"line":1316,"column":40}},"580":{"start":{"line":1318,"column":6},"end":{"line":1318,"column":15}},"581":{"start":{"line":1321,"column":2},"end":{"line":1321,"column":43}},"582":{"start":{"line":1331,"column":0},"end":{"line":1365,"column":0}},"583":{"start":{"line":1336,"column":2},"end":{"line":1337,"column":17}},"584":{"start":{"line":1337,"column":4},"end":{"line":1337,"column":17}},"585":{"start":{"line":1339,"column":2},"end":{"line":1339,"column":15}},"586":{"start":{"line":1340,"column":2},"end":{"line":1341,"column":19}},"587":{"start":{"line":1341,"column":6},"end":{"line":1341,"column":19}},"588":{"start":{"line":1343,"column":2},"end":{"line":1343,"column":19}},"589":{"start":{"line":1344,"column":2},"end":{"line":1344,"column":21}},"590":{"start":{"line":1345,"column":2},"end":{"line":1345,"column":20}},"591":{"start":{"line":1346,"column":2},"end":{"line":1347,"column":17}},"592":{"start":{"line":1347,"column":4},"end":{"line":1347,"column":17}},"593":{"start":{"line":1349,"column":2},"end":{"line":1353,"column":3}},"594":{"start":{"line":1350,"column":4},"end":{"line":1352,"column":5}},"595":{"start":{"line":1351,"column":6},"end":{"line":1351,"column":19}},"596":{"start":{"line":1355,"column":2},"end":{"line":1355,"column":14}},"597":{"start":{"line":1365,"column":0},"end":{"line":1381,"column":0}},"598":{"start":{"line":1366,"column":2},"end":{"line":1366,"column":34}},"599":{"start":{"line":1367,"column":2},"end":{"line":1367,"column":42}},"600":{"start":{"line":1368,"column":2},"end":{"line":1368,"column":41}},"601":{"start":{"line":1369,"column":2},"end":{"line":1369,"column":17}},"602":{"start":{"line":1370,"column":2},"end":{"line":1370,"column":82}},"603":{"start":{"line":1381,"column":0},"end":{"line":1399,"column":0}},"604":{"start":{"line":1382,"column":2},"end":{"line":1382,"column":34}},"605":{"start":{"line":1383,"column":2},"end":{"line":1383,"column":42}},"606":{"start":{"line":1384,"column":2},"end":{"line":1384,"column":41}},"607":{"start":{"line":1385,"column":2},"end":{"line":1385,"column":25}},"608":{"start":{"line":1386,"column":2},"end":{"line":1386,"column":58}},"609":{"start":{"line":1399,"column":0},"end":{"line":1415,"column":0}},"610":{"start":{"line":1400,"column":2},"end":{"line":1401,"column":56}},"611":{"start":{"line":1401,"column":4},"end":{"line":1401,"column":56}},"612":{"start":{"line":1403,"column":2},"end":{"line":1403,"column":33}},"613":{"start":{"line":1404,"column":2},"end":{"line":1404,"column":55}},"614":{"start":{"line":1415,"column":0},"end":{"line":1421,"column":0}},"615":{"start":{"line":1416,"column":2},"end":{"line":1417,"column":44}},"616":{"start":{"line":1417,"column":4},"end":{"line":1417,"column":44}},"617":{"start":{"line":1418,"column":2},"end":{"line":1418,"column":56}},"618":{"start":{"line":1421,"column":0},"end":{"line":1426,"column":2}},"619":{"start":{"line":1422,"column":2},"end":{"line":1422,"column":37}},"620":{"start":{"line":1423,"column":2},"end":{"line":1423,"column":35}},"621":{"start":{"line":1424,"column":2},"end":{"line":1424,"column":69}},"622":{"start":{"line":1425,"column":2},"end":{"line":1425,"column":21}},"623":{"start":{"line":1432,"column":0},"end":{"line":1442,"column":1}},"624":{"start":{"line":1433,"column":2},"end":{"line":1440,"column":3}},"625":{"start":{"line":1434,"column":4},"end":{"line":1434,"column":45}},"626":{"start":{"line":1435,"column":4},"end":{"line":1435,"column":45}},"627":{"start":{"line":1436,"column":4},"end":{"line":1437,"column":16}},"628":{"start":{"line":1437,"column":6},"end":{"line":1437,"column":16}},"629":{"start":{"line":1438,"column":4},"end":{"line":1439,"column":15}},"630":{"start":{"line":1439,"column":6},"end":{"line":1439,"column":15}},"631":{"start":{"line":1441,"column":2},"end":{"line":1441,"column":11}},"632":{"start":{"line":1447,"column":0},"end":{"line":1456,"column":1}},"633":{"start":{"line":1448,"column":2},"end":{"line":1448,"column":22}},"634":{"start":{"line":1450,"column":2},"end":{"line":1453,"column":3}},"635":{"start":{"line":1451,"column":4},"end":{"line":1451,"column":106}},"636":{"start":{"line":1452,"column":4},"end":{"line":1452,"column":21}},"637":{"start":{"line":1455,"column":2},"end":{"line":1455,"column":32}},"638":{"start":{"line":1463,"column":0},"end":{"line":1489,"column":0}},"639":{"start":{"line":1464,"column":2},"end":{"line":1464,"column":12}},"640":{"start":{"line":1465,"column":2},"end":{"line":1465,"column":17}},"641":{"start":{"line":1466,"column":2},"end":{"line":1466,"column":17}},"642":{"start":{"line":1468,"column":2},"end":{"line":1474,"column":21}},"643":{"start":{"line":1469,"column":4},"end":{"line":1469,"column":40}},"644":{"start":{"line":1470,"column":4},"end":{"line":1470,"column":103}},"645":{"start":{"line":1472,"column":4},"end":{"line":1472,"column":40}},"646":{"start":{"line":1473,"column":4},"end":{"line":1473,"column":13}},"647":{"start":{"line":1476,"column":2},"end":{"line":1477,"column":30}},"648":{"start":{"line":1477,"column":6},"end":{"line":1477,"column":30}},"649":{"start":{"line":1479,"column":2},"end":{"line":1480,"column":25}},"650":{"start":{"line":1480,"column":6},"end":{"line":1480,"column":25}},"651":{"start":{"line":1482,"column":2},"end":{"line":1482,"column":11}},"652":{"start":{"line":1489,"column":0},"end":{"line":1513,"column":1}},"653":{"start":{"line":1490,"column":4},"end":{"line":1490,"column":24}},"654":{"start":{"line":1491,"column":4},"end":{"line":1491,"column":25}},"655":{"start":{"line":1492,"column":4},"end":{"line":1492,"column":61}},"656":{"start":{"line":1495,"column":4},"end":{"line":1512,"column":5}},"657":{"start":{"line":1496,"column":6},"end":{"line":1496,"column":40}},"658":{"start":{"line":1497,"column":6},"end":{"line":1497,"column":15}},"659":{"start":{"line":1499,"column":6},"end":{"line":1511,"column":7}},"660":{"start":{"line":1500,"column":8},"end":{"line":1500,"column":48}},"661":{"start":{"line":1501,"column":8},"end":{"line":1502,"column":27}},"662":{"start":{"line":1502,"column":10},"end":{"line":1502,"column":27}},"663":{"start":{"line":1503,"column":8},"end":{"line":1503,"column":57}},"664":{"start":{"line":1504,"column":8},"end":{"line":1504,"column":22}},"665":{"start":{"line":1506,"column":8},"end":{"line":1506,"column":54}},"666":{"start":{"line":1507,"column":8},"end":{"line":1508,"column":27}},"667":{"start":{"line":1508,"column":10},"end":{"line":1508,"column":27}},"668":{"start":{"line":1509,"column":8},"end":{"line":1509,"column":63}},"669":{"start":{"line":1510,"column":8},"end":{"line":1510,"column":22}},"670":{"start":{"line":1519,"column":0},"end":{"line":1757,"column":0}},"671":{"start":{"line":1578,"column":2},"end":{"line":1579,"column":16}},"672":{"start":{"line":1579,"column":4},"end":{"line":1579,"column":16}},"673":{"start":{"line":1582,"column":2},"end":{"line":1583,"column":18}},"674":{"start":{"line":1583,"column":6},"end":{"line":1583,"column":18}},"675":{"start":{"line":1585,"column":2},"end":{"line":1585,"column":62}},"676":{"start":{"line":1586,"column":2},"end":{"line":1586,"column":18}},"677":{"start":{"line":1587,"column":2},"end":{"line":1587,"column":18}},"678":{"start":{"line":1588,"column":2},"end":{"line":1588,"column":26}},"679":{"start":{"line":1591,"column":2},"end":{"line":1591,"column":16}},"680":{"start":{"line":1592,"column":2},"end":{"line":1592,"column":55}},"681":{"start":{"line":1594,"column":2},"end":{"line":1598,"column":3}},"682":{"start":{"line":1595,"column":4},"end":{"line":1597,"column":5}},"683":{"start":{"line":1596,"column":6},"end":{"line":1596,"column":14}},"684":{"start":{"line":1601,"column":2},"end":{"line":1601,"column":27}},"685":{"start":{"line":1604,"column":2},"end":{"line":1604,"column":33}},"686":{"start":{"line":1605,"column":2},"end":{"line":1607,"column":3}},"687":{"start":{"line":1606,"column":4},"end":{"line":1606,"column":39}},"688":{"start":{"line":1610,"column":2},"end":{"line":1610,"column":59}},"689":{"start":{"line":1613,"column":2},"end":{"line":1613,"column":52}},"690":{"start":{"line":1615,"column":2},"end":{"line":1615,"column":34}},"691":{"start":{"line":1616,"column":2},"end":{"line":1616,"column":36}},"692":{"start":{"line":1617,"column":2},"end":{"line":1617,"column":38}},"693":{"start":{"line":1619,"column":2},"end":{"line":1619,"column":27}},"694":{"start":{"line":1621,"column":2},"end":{"line":1621,"column":28}},"695":{"start":{"line":1623,"column":2},"end":{"line":1629,"column":3}},"696":{"start":{"line":1624,"column":5},"end":{"line":1624,"column":43}},"697":{"start":{"line":1625,"column":5},"end":{"line":1625,"column":38}},"698":{"start":{"line":1626,"column":5},"end":{"line":1627,"column":36}},"699":{"start":{"line":1627,"column":9},"end":{"line":1627,"column":36}},"700":{"start":{"line":1628,"column":5},"end":{"line":1628,"column":19}},"701":{"start":{"line":1632,"column":2},"end":{"line":1632,"column":46}},"702":{"start":{"line":1634,"column":2},"end":{"line":1634,"column":38}},"703":{"start":{"line":1637,"column":2},"end":{"line":1637,"column":34}},"704":{"start":{"line":1638,"column":2},"end":{"line":1639,"column":16}},"705":{"start":{"line":1639,"column":4},"end":{"line":1639,"column":16}},"706":{"start":{"line":1642,"column":2},"end":{"line":1645,"column":3}},"707":{"start":{"line":1643,"column":4},"end":{"line":1643,"column":66}},"708":{"start":{"line":1644,"column":4},"end":{"line":1644,"column":50}},"709":{"start":{"line":1648,"column":2},"end":{"line":1648,"column":41}},"710":{"start":{"line":1650,"column":2},"end":{"line":1650,"column":14}},"711":{"start":{"line":1651,"column":2},"end":{"line":1651,"column":24}},"712":{"start":{"line":1652,"column":2},"end":{"line":1652,"column":17}},"713":{"start":{"line":1653,"column":2},"end":{"line":1661,"column":3}},"714":{"start":{"line":1654,"column":4},"end":{"line":1654,"column":63}},"715":{"start":{"line":1655,"column":4},"end":{"line":1655,"column":18}},"716":{"start":{"line":1656,"column":4},"end":{"line":1660,"column":5}},"717":{"start":{"line":1657,"column":6},"end":{"line":1657,"column":15}},"718":{"start":{"line":1658,"column":6},"end":{"line":1658,"column":27}},"719":{"start":{"line":1659,"column":6},"end":{"line":1659,"column":13}},"720":{"start":{"line":1663,"column":2},"end":{"line":1663,"column":22}},"721":{"start":{"line":1666,"column":2},"end":{"line":1666,"column":10}},"722":{"start":{"line":1667,"column":2},"end":{"line":1667,"column":19}},"723":{"start":{"line":1669,"column":2},"end":{"line":1669,"column":26}},"724":{"start":{"line":1671,"column":2},"end":{"line":1674,"column":3}},"725":{"start":{"line":1672,"column":4},"end":{"line":1672,"column":15}},"726":{"start":{"line":1673,"column":4},"end":{"line":1673,"column":14}},"727":{"start":{"line":1676,"column":2},"end":{"line":1676,"column":30}},"728":{"start":{"line":1678,"column":2},"end":{"line":1678,"column":10}},"729":{"start":{"line":1679,"column":2},"end":{"line":1680,"column":20}},"730":{"start":{"line":1680,"column":6},"end":{"line":1680,"column":20}},"731":{"start":{"line":1683,"column":2},"end":{"line":1733,"column":3}},"732":{"start":{"line":1684,"column":6},"end":{"line":1684,"column":14}},"733":{"start":{"line":1686,"column":6},"end":{"line":1686,"column":16}},"734":{"start":{"line":1688,"column":6},"end":{"line":1696,"column":7}},"735":{"start":{"line":1689,"column":10},"end":{"line":1689,"column":55}},"736":{"start":{"line":1690,"column":10},"end":{"line":1690,"column":24}},"737":{"start":{"line":1691,"column":10},"end":{"line":1695,"column":11}},"738":{"start":{"line":1692,"column":14},"end":{"line":1692,"column":23}},"739":{"start":{"line":1693,"column":14},"end":{"line":1693,"column":35}},"740":{"start":{"line":1694,"column":14},"end":{"line":1694,"column":21}},"741":{"start":{"line":1699,"column":6},"end":{"line":1707,"column":7}},"742":{"start":{"line":1700,"column":8},"end":{"line":1700,"column":32}},"743":{"start":{"line":1701,"column":8},"end":{"line":1704,"column":9}},"744":{"start":{"line":1702,"column":10},"end":{"line":1702,"column":21}},"745":{"start":{"line":1703,"column":10},"end":{"line":1703,"column":20}},"746":{"start":{"line":1705,"column":8},"end":{"line":1705,"column":32}},"747":{"start":{"line":1706,"column":8},"end":{"line":1706,"column":16}},"748":{"start":{"line":1710,"column":6},"end":{"line":1720,"column":7}},"749":{"start":{"line":1711,"column":10},"end":{"line":1719,"column":11}},"750":{"start":{"line":1712,"column":14},"end":{"line":1712,"column":31}},"751":{"start":{"line":1713,"column":14},"end":{"line":1713,"column":28}},"752":{"start":{"line":1715,"column":14},"end":{"line":1715,"column":20}},"753":{"start":{"line":1716,"column":14},"end":{"line":1716,"column":60}},"754":{"start":{"line":1717,"column":14},"end":{"line":1717,"column":50}},"755":{"start":{"line":1718,"column":14},"end":{"line":1718,"column":20}},"756":{"start":{"line":1718,"column":21},"end":{"line":1718,"column":27}},"757":{"start":{"line":1718,"column":28},"end":{"line":1718,"column":34}},"758":{"start":{"line":1723,"column":6},"end":{"line":1724,"column":16}},"759":{"start":{"line":1724,"column":10},"end":{"line":1724,"column":16}},"760":{"start":{"line":1727,"column":6},"end":{"line":1732,"column":7}},"761":{"start":{"line":1728,"column":10},"end":{"line":1728,"column":16}},"762":{"start":{"line":1729,"column":10},"end":{"line":1729,"column":40}},"763":{"start":{"line":1730,"column":10},"end":{"line":1730,"column":46}},"764":{"start":{"line":1731,"column":10},"end":{"line":1731,"column":16}},"765":{"start":{"line":1731,"column":17},"end":{"line":1731,"column":23}},"766":{"start":{"line":1731,"column":24},"end":{"line":1731,"column":30}},"767":{"start":{"line":1736,"column":2},"end":{"line":1736,"column":39}},"768":{"start":{"line":1737,"column":2},"end":{"line":1738,"column":28}},"769":{"start":{"line":1738,"column":6},"end":{"line":1738,"column":28}},"770":{"start":{"line":1740,"column":2},"end":{"line":1740,"column":39}},"771":{"start":{"line":1742,"column":2},"end":{"line":1742,"column":31}},"772":{"start":{"line":1743,"column":2},"end":{"line":1744,"column":17}},"773":{"start":{"line":1744,"column":4},"end":{"line":1744,"column":17}},"774":{"start":{"line":1746,"column":2},"end":{"line":1746,"column":35}},"775":{"start":{"line":1757,"column":0},"end":{"line":1784,"column":0}},"776":{"start":{"line":1758,"column":2},"end":{"line":1758,"column":34}},"777":{"start":{"line":1759,"column":2},"end":{"line":1771,"column":3}},"778":{"start":{"line":1760,"column":4},"end":{"line":1760,"column":12}},"779":{"start":{"line":1761,"column":4},"end":{"line":1769,"column":5}},"780":{"start":{"line":1762,"column":8},"end":{"line":1762,"column":17}},"781":{"start":{"line":1765,"column":8},"end":{"line":1765,"column":16}},"782":{"start":{"line":1766,"column":8},"end":{"line":1767,"column":13}},"783":{"start":{"line":1768,"column":8},"end":{"line":1768,"column":59}},"784":{"start":{"line":1770,"column":4},"end":{"line":1770,"column":32}},"785":{"start":{"line":1772,"column":2},"end":{"line":1772,"column":13}},"786":{"start":{"line":1784,"column":0},"end":{"line":1810,"column":0}},"787":{"start":{"line":1785,"column":2},"end":{"line":1786,"column":58}},"788":{"start":{"line":1786,"column":6},"end":{"line":1786,"column":58}},"789":{"start":{"line":1788,"column":2},"end":{"line":1789,"column":16}},"790":{"start":{"line":1789,"column":4},"end":{"line":1789,"column":16}},"791":{"start":{"line":1792,"column":2},"end":{"line":1792,"column":20}},"792":{"start":{"line":1793,"column":2},"end":{"line":1794,"column":27}},"793":{"start":{"line":1794,"column":6},"end":{"line":1794,"column":27}},"794":{"start":{"line":1796,"column":2},"end":{"line":1797,"column":17}},"795":{"start":{"line":1797,"column":6},"end":{"line":1797,"column":17}},"796":{"start":{"line":1799,"column":2},"end":{"line":1799,"column":40}},"797":{"start":{"line":1800,"column":2},"end":{"line":1800,"column":35}},"798":{"start":{"line":1802,"column":2},"end":{"line":1802,"column":38}},"799":{"start":{"line":1804,"column":2},"end":{"line":1804,"column":53}},"800":{"start":{"line":1810,"column":0},"end":{"line":1840,"column":0}},"801":{"start":{"line":1815,"column":2},"end":{"line":1815,"column":54}},"802":{"start":{"line":1816,"column":2},"end":{"line":1816,"column":32}},"803":{"start":{"line":1817,"column":2},"end":{"line":1817,"column":20}},"804":{"start":{"line":1819,"column":2},"end":{"line":1819,"column":35}},"805":{"start":{"line":1821,"column":2},"end":{"line":1822,"column":43}},"806":{"start":{"line":1822,"column":5},"end":{"line":1822,"column":43}},"807":{"start":{"line":1824,"column":2},"end":{"line":1830,"column":3}},"808":{"start":{"line":1825,"column":4},"end":{"line":1826,"column":51}},"809":{"start":{"line":1826,"column":6},"end":{"line":1826,"column":51}},"810":{"start":{"line":1827,"column":4},"end":{"line":1827,"column":16}},"811":{"start":{"line":1828,"column":4},"end":{"line":1829,"column":47}},"812":{"start":{"line":1829,"column":6},"end":{"line":1829,"column":47}},"813":{"start":{"line":1832,"column":2},"end":{"line":1832,"column":16}},"814":{"start":{"line":1840,"column":0},"end":{"line":1851,"column":0}},"815":{"start":{"line":1841,"column":2},"end":{"line":1842,"column":16}},"816":{"start":{"line":1842,"column":4},"end":{"line":1842,"column":16}},"817":{"start":{"line":1843,"column":2},"end":{"line":1843,"column":55}},"818":{"start":{"line":1844,"column":2},"end":{"line":1844,"column":63}},"819":{"start":{"line":1851,"column":0},"end":{"line":1880,"column":0}},"820":{"start":{"line":1852,"column":4},"end":{"line":1853,"column":18}},"821":{"start":{"line":1853,"column":6},"end":{"line":1853,"column":18}},"822":{"start":{"line":1855,"column":4},"end":{"line":1855,"column":33}},"823":{"start":{"line":1856,"column":4},"end":{"line":1856,"column":39}},"824":{"start":{"line":1857,"column":4},"end":{"line":1858,"column":59}},"825":{"start":{"line":1858,"column":8},"end":{"line":1858,"column":59}},"826":{"start":{"line":1861,"column":4},"end":{"line":1861,"column":40}},"827":{"start":{"line":1862,"column":4},"end":{"line":1862,"column":63}},"828":{"start":{"line":1864,"column":4},"end":{"line":1864,"column":71}},"829":{"start":{"line":1880,"column":0},"end":{"line":1943,"column":0}},"830":{"start":{"line":1881,"column":2},"end":{"line":1882,"column":56}},"831":{"start":{"line":1882,"column":4},"end":{"line":1882,"column":56}},"832":{"start":{"line":1885,"column":2},"end":{"line":1886,"column":40}},"833":{"start":{"line":1886,"column":4},"end":{"line":1886,"column":40}},"834":{"start":{"line":1888,"column":2},"end":{"line":1889,"column":40}},"835":{"start":{"line":1889,"column":4},"end":{"line":1889,"column":40}},"836":{"start":{"line":1891,"column":2},"end":{"line":1892,"column":16}},"837":{"start":{"line":1892,"column":4},"end":{"line":1892,"column":16}},"838":{"start":{"line":1894,"column":2},"end":{"line":1895,"column":40}},"839":{"start":{"line":1895,"column":4},"end":{"line":1895,"column":40}},"840":{"start":{"line":1897,"column":2},"end":{"line":1897,"column":19}},"841":{"start":{"line":1898,"column":2},"end":{"line":1899,"column":33}},"842":{"start":{"line":1899,"column":4},"end":{"line":1899,"column":33}},"843":{"start":{"line":1901,"column":2},"end":{"line":1901,"column":80}},"844":{"start":{"line":1902,"column":2},"end":{"line":1902,"column":13}},"845":{"start":{"line":1903,"column":2},"end":{"line":1935,"column":3}},"846":{"start":{"line":1904,"column":4},"end":{"line":1904,"column":41}},"847":{"start":{"line":1913,"column":4},"end":{"line":1913,"column":32}},"848":{"start":{"line":1915,"column":4},"end":{"line":1915,"column":29}},"849":{"start":{"line":1916,"column":4},"end":{"line":1916,"column":30}},"850":{"start":{"line":1919,"column":4},"end":{"line":1919,"column":83}},"851":{"start":{"line":1921,"column":4},"end":{"line":1921,"column":69}},"852":{"start":{"line":1924,"column":4},"end":{"line":1924,"column":39}},"853":{"start":{"line":1926,"column":4},"end":{"line":1926,"column":16}},"854":{"start":{"line":1927,"column":4},"end":{"line":1927,"column":18}},"855":{"start":{"line":1928,"column":4},"end":{"line":1928,"column":18}},"856":{"start":{"line":1931,"column":4},"end":{"line":1931,"column":31}},"857":{"start":{"line":1932,"column":4},"end":{"line":1932,"column":31}},"858":{"start":{"line":1934,"column":4},"end":{"line":1934,"column":83}},"859":{"start":{"line":1936,"column":2},"end":{"line":1936,"column":56}},"860":{"start":{"line":1943,"column":0},"end":{"line":1943,"column":22}},"861":{"start":{"line":1944,"column":0},"end":{"line":1944,"column":43}},"862":{"start":{"line":1945,"column":0},"end":{"line":1945,"column":43}},"863":{"start":{"line":1947,"column":0},"end":{"line":1952,"column":1}},"864":{"start":{"line":1948,"column":2},"end":{"line":1948,"column":37}},"865":{"start":{"line":1949,"column":2},"end":{"line":1949,"column":19}},"866":{"start":{"line":1950,"column":2},"end":{"line":1950,"column":50}},"867":{"start":{"line":1951,"column":2},"end":{"line":1951,"column":50}},"868":{"start":{"line":1954,"column":0},"end":{"line":1954,"column":73}},"869":{"start":{"line":1956,"column":0},"end":{"line":1956,"column":38}},"870":{"start":{"line":1957,"column":0},"end":{"line":1957,"colum
[...]
end":{"line":29,"column":9}}]},"6":{"line":56,"type":"if","locations":[{"start":{"line":56,"column":2},"end":{"line":56,"column":2}},{"start":{"line":56,"column":2},"end":{"line":56,"column":2}}]},"7":{"line":60,"type":"if","locations":[{"start":{"line":60,"column":2},"end":{"line":60,"column":2}},{"start":{"line":60,"column":2},"end":{"line":60,"column":2}}]},"8":{"line":67,"type":"if","locations":[{"start":{"line":67,"column":2},"end":{"line":67,"column":2}},{"start":{"line":67,"column":2},"end":{"line":67,"column":2}}]},"9":{"line":72,"type":"if","locations":[{"start":{"line":72,"column":2},"end":{"line":72,"column":2}},{"start":{"line":72,"column":2},"end":{"line":72,"column":2}}]},"10":{"line":80,"type":"if","locations":[{"start":{"line":80,"column":2},"end":{"line":80,"column":2}},{"start":{"line":80,"column":2},"end":{"line":80,"column":2}}]},"11":{"line":82,"type":"if","locations":[{"start":{"line":82,"column":4},"end":{"line":82,"column":4}},{"start":{"line":82,"column":4},"end":{"line":82,"column":4}}]},"12":{"line":109,"type":"if","locations":[{"start":{"line":109,"column":2},"end":{"line":109,"column":2}},{"start":{"line":109,"column":2},"end":{"line":109,"column":2}}]},"13":{"line":119,"type":"if","locations":[{"start":{"line":119,"column":2},"end":{"line":119,"column":2}},{"start":{"line":119,"column":2},"end":{"line":119,"column":2}}]},"14":{"line":127,"type":"if","locations":[{"start":{"line":127,"column":2},"end":{"line":127,"column":2}},{"start":{"line":127,"column":2},"end":{"line":127,"column":2}}]},"15":{"line":149,"type":"if","locations":[{"start":{"line":149,"column":4},"end":{"line":149,"column":4}},{"start":{"line":149,"column":4},"end":{"line":149,"column":4}}]},"16":{"line":155,"type":"if","locations":[{"start":{"line":155,"column":6},"end":{"line":155,"column":6}},{"start":{"line":155,"column":6},"end":{"line":155,"column":6}}]},"17":{"line":165,"type":"if","locations":[{"start":{"line":165,"column":4},"end":{"line":165,"column":4}},{"start":{"line":165,"column":4},"end":{"line":165,"column":4}}]},"18":{"line":168,"type":"if","locations":[{"start":{"line":168,"column":4},"end":{"line":168,"column":4}},{"start":{"line":168,"column":4},"end":{"line":168,"column":4}}]},"19":{"line":173,"type":"if","locations":[{"start":{"line":173,"column":6},"end":{"line":173,"column":6}},{"start":{"line":173,"column":6},"end":{"line":173,"column":6}}]},"20":{"line":176,"type":"if","locations":[{"start":{"line":176,"column":8},"end":{"line":176,"column":8}},{"start":{"line":176,"column":8},"end":{"line":176,"column":8}}]},"21":{"line":179,"type":"if","locations":[{"start":{"line":179,"column":10},"end":{"line":179,"column":10}},{"start":{"line":179,"column":10},"end":{"line":179,"column":10}}]},"22":{"line":193,"type":"if","locations":[{"start":{"line":193,"column":4},"end":{"line":193,"column":4}},{"start":{"line":193,"column":4},"end":{"line":193,"column":4}}]},"23":{"line":204,"type":"if","locations":[{"start":{"line":204,"column":2},"end":{"line":204,"column":2}},{"start":{"line":204,"column":2},"end":{"line":204,"column":2}}]},"24":{"line":234,"type":"if","locations":[{"start":{"line":234,"column":2},"end":{"line":234,"column":2}},{"start":{"line":234,"column":2},"end":{"line":234,"column":2}}]},"25":{"line":240,"type":"if","locations":[{"start":{"line":240,"column":2},"end":{"line":240,"column":2}},{"start":{"line":240,"column":2},"end":{"line":240,"column":2}}]},"26":{"line":246,"type":"binary-expr","locations":[{"start":{"line":246,"column":11},"end":{"line":246,"column":29}},{"start":{"line":246,"column":35},"end":{"line":246,"column":58}}]},"27":{"line":249,"type":"cond-expr","locations":[{"start":{"line":249,"column":38},"end":{"line":249,"column":39}},{"start":{"line":249,"column":42},"end":{"line":249,"column":64}}]},"28":{"line":267,"type":"cond-expr","locations":[{"start":{"line":267,"column":96},"end":{"line":267,"column":111}},{"start":{"line":267,"column":114},"end":{"line":267,"column":129}}]},"29":{"line":296,"type":"if","locations":[{"start":{"line":296,"column":2},"end":{"line":296,"column":2}},{"start":{"line":296,"column":2},"end":{"line":296,"column":2}}]},"30":{"line":372,"type":"if","locations":[{"start":{"line":372,"column":2},"end":{"line":372,"column":2}},{"start":{"line":372,"column":2},"end":{"line":372,"column":2}}]},"31":{"line":379,"type":"if","locations":[{"start":{"line":379,"column":2},"end":{"line":379,"column":2}},{"start":{"line":379,"column":2},"end":{"line":379,"column":2}}]},"32":{"line":385,"type":"if","locations":[{"start":{"line":385,"column":2},"end":{"line":385,"column":2}},{"start":{"line":385,"column":2},"end":{"line":385,"column":2}}]},"33":{"line":387,"type":"if","locations":[{"start":{"line":387,"column":2},"end":{"line":387,"column":2}},{"start":{"line":387,"column":2},"end":{"line":387,"column":2}}]},"34":{"line":393,"type":"if","locations":[{"start":{"line":393,"column":9},"end":{"line":393,"column":9}},{"start":{"line":393,"column":9},"end":{"line":393,"column":9}}]},"35":{"line":406,"type":"if","locations":[{"start":{"line":406,"column":2},"end":{"line":406,"column":2}},{"start":{"line":406,"column":2},"end":{"line":406,"column":2}}]},"36":{"line":408,"type":"if","locations":[{"start":{"line":408,"column":2},"end":{"line":408,"column":2}},{"start":{"line":408,"column":2},"end":{"line":408,"column":2}}]},"37":{"line":419,"type":"if","locations":[{"start":{"line":419,"column":2},"end":{"line":419,"column":2}},{"start":{"line":419,"column":2},"end":{"line":419,"column":2}}]},"38":{"line":424,"type":"if","locations":[{"start":{"line":424,"column":2},"end":{"line":424,"column":2}},{"start":{"line":424,"column":2},"end":{"line":424,"column":2}}]},"39":{"line":427,"type":"if","locations":[{"start":{"line":427,"column":2},"end":{"line":427,"column":2}},{"start":{"line":427,"column":2},"end":{"line":427,"column":2}}]},"40":{"line":457,"type":"if","locations":[{"start":{"line":457,"column":2},"end":{"line":457,"column":2}},{"start":{"line":457,"column":2},"end":{"line":457,"column":2}}]},"41":{"line":462,"type":"cond-expr","locations":[{"start":{"line":462,"column":33},"end":{"line":462,"column":34}},{"start":{"line":462,"column":37},"end":{"line":462,"column":38}}]},"42":{"line":467,"type":"if","locations":[{"start":{"line":467,"column":2},"end":{"line":467,"column":2}},{"start":{"line":467,"column":2},"end":{"line":467,"column":2}}]},"43":{"line":478,"type":"if","locations":[{"start":{"line":478,"column":2},"end":{"line":478,"column":2}},{"start":{"line":478,"column":2},"end":{"line":478,"column":2}}]},"44":{"line":492,"type":"if","locations":[{"start":{"line":492,"column":6},"end":{"line":492,"column":6}},{"start":{"line":492,"column":6},"end":{"line":492,"column":6}}]},"45":{"line":505,"type":"if","locations":[{"start":{"line":505,"column":2},"end":{"line":505,"column":2}},{"start":{"line":505,"column":2},"end":{"line":505,"column":2}}]},"46":{"line":518,"type":"if","locations":[{"start":{"line":518,"column":2},"end":{"line":518,"column":2}},{"start":{"line":518,"column":2},"end":{"line":518,"column":2}}]},"47":{"line":520,"type":"if","locations":[{"start":{"line":520,"column":2},"end":{"line":520,"column":2}},{"start":{"line":520,"column":2},"end":{"line":520,"column":2}}]},"48":{"line":530,"type":"if","locations":[{"start":{"line":530,"column":4},"end":{"line":530,"column":4}},{"start":{"line":530,"column":4},"end":{"line":530,"column":4}}]},"49":{"line":532,"type":"if","locations":[{"start":{"line":532,"column":4},"end":{"line":532,"column":4}},{"start":{"line":532,"column":4},"end":{"line":532,"column":4}}]},"50":{"line":556,"type":"if","locations":[{"start":{"line":556,"column":2},"end":{"line":556,"column":2}},{"start":{"line":556,"column":2},"end":{"line":556,"column":2}}]},"51":{"line":556,"type":"binary-expr","locations":[{"start":{"line":556,"column":6},"end":{"line":556,"column":21}},{"start":{"line":556,"column":25},"end":{"line":556,"column":57}}]},"52":{"line":607,"type":"cond-expr","locations":[{"start":{"line":607,"column":25},"end":{"line":607,"column":30}},{"start":{"line":607,"column":34},"end":{"line":607,"column":87}}]},"53":{"line":614,"type":"binary-expr","locations":[{"start":{"line":614,"column":10},"end":{"line":614,"column":26}},{"start":{"line":614,"column":32},"end":{"line":614,"column":60}}]},"54":{"line":621,"type":"binary-expr","locations":[{"start":{"line":621,"column":10},"end":{"line":621,"column":26}},{"start":{"line":621,"column":32},"end":{"line":621,"column":84}}]},"55":{"line":629,"type":"if","locations":[{"start":{"line":629,"column":2},"end":{"line":629,"column":2}},{"start":{"line":629,"column":2},"end":{"line":629,"column":2}}]},"56":{"line":632,"type":"binary-expr","locations":[{"start":{"line":632,"column":27},"end":{"line":632,"column":30}},{"start":{"line":632,"column":36},"end":{"line":632,"column":64}}]},"57":{"line":635,"type":"if","locations":[{"start":{"line":635,"column":2},"end":{"line":635,"column":2}},{"start":{"line":635,"column":2},"end":{"line":635,"column":2}}]},"58":{"line":661,"type":"if","locations":[{"start":{"line":661,"column":4},"end":{"line":661,"column":4}},{"start":{"line":661,"column":4},"end":{"line":661,"column":4}}]},"59":{"line":671,"type":"if","locations":[{"start":{"line":671,"column":8},"end":{"line":671,"column":8}},{"start":{"line":671,"column":8},"end":{"line":671,"column":8}}]},"60":{"line":675,"type":"if","locations":[{"start":{"line":675,"column":8},"end":{"line":675,"column":8}},{"start":{"line":675,"column":8},"end":{"line":675,"column":8}}]},"61":{"line":681,"type":"if","locations":[{"start":{"line":681,"column":8},"end":{"line":681,"column":8}},{"start":{"line":681,"column":8},"end":{"line":681,"column":8}}]},"62":{"line":722,"type":"if","locations":[{"start":{"line":722,"column":2},"end":{"line":722,"column":2}},{"start":{"line":722,"column":2},"end":{"line":722,"column":2}}]},"63":{"line":750,"type":"if","locations":[{"start":{"line":750,"column":4},"end":{"line":750,"column":4}},{"start":{"line":750,"column":4},"end":{"line":750,"column":4}}]},"64":{"line":754,"type":"if","locations":[{"start":{"line":754,"column":4},"end":{"line":754,"column":4}},{"start":{"line":754,"column":4},"end":{"line":754,"column":4}}]},"65":{"line":761,"type":"if","locations":[{"start":{"line":761,"column":4},"end":{"line":761,"column":4}},{"start":{"line":761,"column":4},"end":{"line":761,"column":4}}]},"66":{"line":806,"type":"if","locations":[{"start":{"line":806,"column":2},"end":{"line":806,"column":2}},{"start":{"line":806,"column":2},"end":{"line":806,"column":2}}]},"67":{"line":808,"type":"if","locations":[{"start":{"line":808,"column":4},"end":{"line":808,"column":4}},{"start":{"line":808,"column":4},"end":{"line":808,"column":4}}]},"68":{"line":813,"type":"if","locations":[{"start":{"line":813,"column":9},"end":{"line":813,"column":9}},{"start":{"line":813,"column":9},"end":{"line":813,"column":9}}]},"69":{"line":816,"type":"if","locations":[{"start":{"line":816,"column":4},"end":{"line":816,"column":4}},{"start":{"line":816,"column":4},"end":{"line":816,"column":4}}]},"70":{"line":830,"type":"if","locations":[{"start":{"line":830,"column":2},"end":{"line":830,"column":2}},{"start":{"line":830,"column":2},"end":{"line":830,"column":2}}]},"71":{"line":835,"type":"if","locations":[{"start":{"line":835,"column":2},"end":{"line":835,"column":2}},{"start":{"line":835,"column":2},"end":{"line":835,"column":2}}]},"72":{"line":842,"type":"cond-expr","locations":[{"start":{"line":842,"column":47},"end":{"line":842,"column":79}},{"start":{"line":842,"column":82},"end":{"line":842,"column":89}}]},"73":{"line":850,"type":"if","locations":[{"start":{"line":850,"column":2},"end":{"line":850,"column":2}},{"start":{"line":850,"column":2},"end":{"line":850,"column":2}}]},"74":{"line":871,"type":"if","locations":[{"start":{"line":871,"column":4},"end":{"line":871,"column":4}},{"start":{"line":871,"column":4},"end":{"line":871,"column":4}}]},"75":{"line":915,"type":"cond-expr","locations":[{"start":{"line":915,"column":51},"end":{"line":915,"column":62}},{"start":{"line":915,"column":65},"end":{"line":915,"column":78}}]},"76":{"line":916,"type":"cond-expr","locations":[{"start":{"line":916,"column":50},"end":{"line":916,"column":76}},{"start":{"line":916,"column":79},"end":{"line":916,"column":89}}]},"77":{"line":923,"type":"binary-expr","locations":[{"start":{"line":923,"column":10},"end":{"line":923,"column":13}},{"start":{"line":923,"column":17},"end":{"line":923,"column":20}}]},"78":{"line":936,"type":"if","locations":[{"start":{"line":936,"column":8},"end":{"line":936,"column":8}},{"start":{"line":936,"column":8},"end":{"line":936,"column":8}}]},"79":{"line":936,"type":"binary-expr","locations":[{"start":{"line":936,"column":12},"end":{"line":936,"column":22}},{"start":{"line":936,"column":26},"end":{"line":936,"column":46}},{"start":{"line":936,"column":50},"end":{"line":936,"column":77}}]},"80":{"line":949,"type":"if","locations":[{"start":{"line":949,"column":4},"end":{"line":949,"column":4}},{"start":{"line":949,"column":4},"end":{"line":949,"column":4}}]},"81":{"line":951,"type":"if","locations":[{"start":{"line":951,"column":8},"end":{"line":951,"column":8}},{"start":{"line":951,"column":8},"end":{"line":951,"column":8}}]},"82":{"line":973,"type":"if","locations":[{"start":{"line":973,"column":4},"end":{"line":973,"column":4}},{"start":{"line":973,"column":4},"end":{"line":973,"column":4}}]},"83":{"line":976,"type":"if","locations":[{"start":{"line":976,"column":4},"end":{"line":976,"column":4}},{"start":{"line":976,"column":4},"end":{"line":976,"column":4}}]},"84":{"line":981,"type":"if","locations":[{"start":{"line":981,"column":4},"end":{"line":981,"column":4}},{"start":{"line":981,"column":4},"end":{"line":981,"column":4}}]},"85":{"line":982,"type":"cond-expr","locations":[{"start":{"line":982,"column":23},"end":{"line":982,"column":24}},{"start":{"line":982,"column":27},"end":{"line":982,"column":45}}]},"86":{"line":987,"type":"if","locations":[{"start":{"line":987,"column":4},"end":{"line":987,"column":4}},{"start":{"line":987,"column":4},"end":{"line":987,"column":4}}]},"87":{"line":991,"type":"cond-expr","locations":[{"start":{"line":991,"column":23},"end":{"line":991,"column":28}},{"start":{"line":991,"column":31},"end":{"line":995,"column":9}}]},"88":{"line":1031,"type":"if","locations":[{"start":{"line":1031,"column":8},"end":{"line":1031,"column":8}},{"start":{"line":1031,"column":8},"end":{"line":1031,"column":8}}]},"89":{"line":1037,"type":"if","locations":[{"start":{"line":1037,"column":8},"end":{"line":1037,"column":8}},{"start":{"line":1037,"column":8},"end":{"line":1037,"column":8}}]},"90":{"line":1046,"type":"if","locations":[{"start":{"line":1046,"column":8},"end":{"line":1046,"column":8}},{"start":{"line":1046,"column":8},"end":{"line":1046,"column":8}}]},"91":{"line":1051,"type":"if","locations":[{"start":{"line":1051,"column":8},"end":{"line":1051,"column":8}},{"start":{"line":1051,"column":8},"end":{"line":1051,"column":8}}]},"92":{"line":1057,"type":"if","locations":[{"start":{"line":1057,"column":8},"end":{"line":1057,"column":8}},{"start":{"line":1057,"column":8},"end":{"line":1057,"column":8}}]},"93":{"line":1075,"type":"if","locations":[{"start":{"line":1075,"column":2},"end":{"line":1075,"column":2}},{"start":{"line":1075,"column":2},"end":{"line":1075,"column":2}}]},"94":{"line":1079,"type":"if","locations":[{"start":{"line":1079,"column":2},"end":{"line":1079,"column":2}},{"start":{"line":1079,"column":2},"end":{"line":1079,"column":2}}]},"95":{"line":1089,"type":"if","locations":[{"start":{"line":1089,"column":2},"end":{"line":1089,"column":2}},{"start":{"line":1089,"column":2},"end":{"line":1089,"column":2}}]},"96":{"line":1119,"type":"if","locations":[{"start":{"line":1119,"column":2},"end":{"line":1119,"column":2}},{"start":{"line":1119,"column":2},"end":{"line":1119,"column":2}}]},"97":{"line":1122,"type":"if","locations":[{"start":{"line":1122,"column":9},"end":{"line":1122,"column":9}},{"start":{"line":1122,"column":9},"end":{"line":1122,"column":9}}]},"98":{"line":1136,"type":"if","locations":[{"start":{"line":1136,"column":2},"end":{"line":1136,"column":2}},{"start":{"line":1136,"column":2},"end":{"line":1136,"column":2}}]},"99":{"line":1137,"type":"if","locations":[{"start":{"line":1137,"column":4},"end":{"line":1137,"column":4}},{"start":{"line":1137,"column":4},"end":{"line":1137,"column":4}}]},"100":{"line":1141,"type":"if","locations":[{"start":{"line":1141,"column":9},"end":{"line":1141,"column":9}},{"start":{"line":1141,"column":9},"end":{"line":1141,"column":9}}]},"101":{"line":1142,"type":"if","locations":[{"start":{"line":1142,"column":4},"end":{"line":1142,"column":4}},{"start":{"line":1142,"column":4},"end":{"line":1142,"column":4}}]},"102":{"line":1151,"type":"if","locations":[{"start":{"line":1151,"column":2},"end":{"line":1151,"column":2}},{"start":{"line":1151,"column":2},"end":{"line":1151,"column":2}}]},"103":{"line":1152,"type":"if","locations":[{"start":{"line":1152,"column":4},"end":{"line":1152,"column":4}},{"start":{"line":1152,"column":4},"end":{"line":1152,"column":4}}]},"104":{"line":1156,"type":"if","locations":[{"start":{"line":1156,"column":9},"end":{"line":1156,"column":9}},{"start":{"line":1156,"column":9},"end":{"line":1156,"column":9}}]},"105":{"line":1157,"type":"if","locations":[{"start":{"line":1157,"column":4},"end":{"line":1157,"column":4}},{"start":{"line":1157,"column":4},"end":{"line":1157,"column":4}}]},"106":{"line":1161,"type":"if","locations":[{"start":{"line":1161,"column":4},"end":{"line":1161,"column":4}},{"start":{"line":1161,"column":4},"end":{"line":1161,"column":4}}]}}},"/Users/yaotang/Workspace/github/BigInteger/lib/BigIntegerLib.js":{"path":"/Users/yaotang/Workspace/github/BigInteger/lib/BigIntegerLib.js","s":{"1":1,"2":1,"3":132,"4":0,"5":132,"6":132,"7":133,"8":133,"9":133,"10":132,"11":1,"12":291,"13":1,"14":5,"15":0,"16":5},"b":{"1":[0,132],"2":[132,132],"3":[0,5]},"f":{"1":132,"2":291,"3":5},"fnMap":{"1":{"name":"(anonymous_1)","line":5,"loc":{"start":{"line":5,"column":30},"end":{"line":5,"column":51}}},"2":{"name":"(anonymous_2)","line":17,"loc":{"start":{"line":17,"column":48},"end":{"line":17,"column":61}}},"3":{"name":"(anonymous_3)","line":25,"loc":{"start":{"line":25,"column":20},"end":{"line":25,"column":40}}}},"statementMap":{"1":{"start":{"line":1,"column":0},"end":{"line":1,"column":35}},"2":{"start":{"line":5,"column":0},"end":{"line":17,"column":0}},"3":{"start":{"line":6,"column":2},"end":{"line":7,"column":11}},"4":{"start":{"line":7,"column":4},"end":{"line":7,"column":11}},"5":{"start":{"line":8,"column":2},"end":{"line":8,"column":18}},"6":{"start":{"line":9,"column":2},"end":{"line":13,"column":3}},"7":{"start":{"line":10,"column":4},"end":{"line":10,"column":14}},"8":{"start":{"line":11,"column":4},"end":{"line":11,"column":15}},"9":{"start":{"line":12,"column":4},"end":{"line":12,"column":33}},"10":{"start":{"line":14,"column":2},"end":{"line":14,"column":17}},"11":{"start":{"line":17,"column":0},"end":{"line":25,"column":0}},"12":{"start":{"line":18,"column":2},"end":{"line":18,"column":46}},"13":{"start":{"line":25,"column":0},"end":{"line":31,"column":0}},"14":{"start":{"line":26,"column":2},"end":{"line":27,"column":13}},"15":{"start":{"line":27,"column":4},"end":{"line":27,"column":13}},"16":{"start":{"line":28,"column":2},"end":{"line":28,"column":52}}},"branchMap":{"1":{"line":6,"type":"if","locations":[{"start":{"line":6,"column":2},"end":{"line":6,"column":2}},{"start":{"line":6,"column":2},"end":{"line":6,"column":2}}]},"2":{"line":6,"type":"binary-expr","locations":[{"start":{"line":6,"column":6},"end":{"line":6,"column":14}},{"start":{"line":6,"column":18},"end":{"line":6,"column":24}}]},"3":{"line":26,"type":"if","locations":[{"start":{"line":26,"column":2},"end":{"line":26,"column":2}},{"start":{"line":26,"column":2},"end":{"line":26,"column":2}}]}}}}