TN:
SF:/Users/yaotang/Workspace/github/BigInteger/lib/BigInteger.js
FN:129,BigInteger
FN:148,(anonymous_2)
FN:165,(anonymous_3)
FN:202,(anonymous_4)
FN:280,(anonymous_5)
FN:303,(anonymous_6)
FN:329,trustedStripLeadingZeroInts
FN:348,(anonymous_8)
FN:388,(anonymous_9)
FN:412,(anonymous_10)
FN:421,(anonymous_11)
FN:428,stripLeadingZeroInts
FN:437,_fromMag
FN:454,(anonymous_14)
FN:483,(anonymous_15)
FN:492,(anonymous_16)
FN:514,(anonymous_17)
FN:530,primitiveRightShift
FN:556,(anonymous_19)
FN:565,(anonymous_20)
FN:572,(anonymous_21)
FN:626,add
FN:673,subtract
FN:704,(anonymous_24)
FN:728,(anonymous_25)
FN:752,(anonymous_26)
FN:774,multiplyToLen
FN:807,(anonymous_28)
FN:820,(anonymous_29)
FN:829,valueOf
FN:834,(anonymous_31)
FN:851,makePositive
FN:885,(anonymous_33)
FN:896,(anonymous_34)
FN:963,mulAdd
FN:981,addOne
FN:1001,primitiveLeftShift
FN:1023,(anonymous_38)
FN:1055,(anonymous_39)
FN:1072,(anonymous_40)
FN:1090,(anonymous_41)
FN:1105,(anonymous_42)
FN:1121,(anonymous_43)
FN:1150,(anonymous_44)
FN:1177,(anonymous_45)
FN:1230,(anonymous_46)
FN:1286,javaIncrement
FN:1310,(anonymous_48)
FN:1331,(anonymous_49)
FN:1365,(anonymous_50)
FN:1381,(anonymous_51)
FN:1399,(anonymous_52)
FN:1415,(anonymous_53)
FN:1421,(anonymous_54)
FN:1432,intArrayCmpToLen
FN:1447,subN
FN:1463,(anonymous_57)
FN:1489,leftShift
FN:1519,(anonymous_59)
FN:1757,(anonymous_60)
FN:1784,(anonymous_61)
FN:1810,(anonymous_62)
FN:1840,(anonymous_63)
FN:1851,(anonymous_64)
FN:1880,(anonymous_65)
FNF:65
FNH:55
FNDA:561,BigInteger
FNDA:5,(anonymous_2)
FNDA:154,(anonymous_3)
FNDA:40,(anonymous_4)
FNDA:5,(anonymous_5)
FNDA:146,(anonymous_6)
FNDA:58,trustedStripLeadingZeroInts
FNDA:17,(anonymous_8)
FNDA:1,(anonymous_9)
FNDA:30,(anonymous_10)
FNDA:7,(anonymous_11)
FNDA:2,stripLeadingZeroInts
FNDA:2,_fromMag
FNDA:360,(anonymous_14)
FNDA:27,(anonymous_15)
FNDA:4,(anonymous_16)
FNDA:333,(anonymous_17)
FNDA:0,primitiveRightShift
FNDA:152,(anonymous_19)
FNDA:320,(anonymous_20)
FNDA:35,(anonymous_21)
FNDA:2,add
FNDA:3,subtract
FNDA:6,(anonymous_24)
FNDA:3,(anonymous_25)
FNDA:14,(anonymous_26)
FNDA:10,multiplyToLen
FNDA:12,(anonymous_28)
FNDA:2,(anonymous_29)
FNDA:1,valueOf
FNDA:2,(anonymous_31)
FNDA:0,makePositive
FNDA:1,(anonymous_33)
FNDA:41,(anonymous_34)
FNDA:1229,mulAdd
FNDA:1229,addOne
FNDA:46,primitiveLeftShift
FNDA:3,(anonymous_38)
FNDA:0,(anonymous_39)
FNDA:0,(anonymous_40)
FNDA:0,(anonymous_41)
FNDA:0,(anonymous_42)
FNDA:0,(anonymous_43)
FNDA:0,(anonymous_44)
FNDA:3,(anonymous_45)
FNDA:3,(anonymous_46)
FNDA:0,javaIncrement
FNDA:5,(anonymous_48)
FNDA:26,(anonymous_49)
FNDA:2,(anonymous_50)
FNDA:10,(anonymous_51)
FNDA:10,(anonymous_52)
FNDA:15,(anonymous_53)
FNDA:0,(anonymous_54)
FNDA:42,intArrayCmpToLen
FNDA:3,subN
FNDA:39,(anonymous_57)
FNDA:5,leftShift
FNDA:5,(anonymous_59)
FNDA:2,(anonymous_60)
FNDA:4,(anonymous_61)
FNDA:2,(anonymous_62)
FNDA:8,(anonymous_63)
FNDA:12,(anonymous_64)
FNDA:3,(anonymous_65)
DA:64,1
DA:65,1
DA:66,1
DA:67,1
DA:68,1
DA:70,1
DA:71,1
DA:73,1
DA:80,1
DA:84,1
DA:88,1
DA:98,1
DA:99,1
DA:101,1
DA:123,1
DA:124,1
DA:125,1
DA:126,63
DA:129,1
DA:130,561
DA:131,561
DA:132,561
DA:133,561
DA:134,561
DA:135,561
DA:148,1
DA:149,5
DA:150,5
DA:152,5
DA:153,0
DA:155,5
DA:156,0
DA:158,5
DA:159,0
DA:160,5
DA:162,5
DA:165,1
DA:166,154
DA:167,154
DA:168,0
DA:169,0
DA:171,154
DA:174,154
DA:175,0
DA:176,0
DA:178,154
DA:179,154
DA:180,154
DA:182,154
DA:202,1
DA:203,40
DA:204,40
DA:205,40
DA:206,40
DA:207,40
DA:208,0
DA:210,40
DA:211,0
DA:213,40
DA:214,40
DA:215,40
DA:216,40
DA:217,40
DA:218,8
DA:219,8
DA:220,0
DA:223,40
DA:224,8
DA:227,0
DA:229,40
DA:232,40
DA:233,13
DA:235,40
DA:238,2
DA:240,38
DA:241,38
DA:244,38
DA:245,38
DA:247,38
DA:251,38
DA:252,38
DA:253,0
DA:255,38
DA:257,38
DA:258,38
DA:259,0
DA:262,38
DA:263,38
DA:264,38
DA:265,146
DA:266,146
DA:268,146
DA:269,0
DA:270,146
DA:273,38
DA:274,38
DA:280,1
DA:281,5
DA:282,5
DA:285,5
DA:289,5
DA:290,5
DA:291,5
DA:292,5
DA:293,15
DA:294,15
DA:295,15
DA:296,15
DA:297,30
DA:299,5
DA:303,1
DA:305,146
DA:306,146
DA:307,146
DA:308,146
DA:309,146
DA:310,146
DA:312,2554
DA:313,2554
DA:314,2554
DA:317,146
DA:318,146
DA:319,146
DA:320,146
DA:321,146
DA:322,2408
DA:323,2408
DA:324,2408
DA:329,1
DA:330,58
DA:331,58
DA:333,58
DA:335,58
DA:348,1
DA:349,17
DA:350,17
DA:351,17
DA:352,17
DA:353,17
DA:354,5
DA:357,12
DA:358,12
DA:360,1
DA:361,1
DA:362,0
DA:364,1
DA:366,11
DA:369,17
DA:371,17
DA:388,1
DA:389,1
DA:390,1
DA:391,1
DA:393,1
DA:394,16
DA:395,4
DA:396,4
DA:398,12
DA:399,12
DA:401,16
DA:403,1
DA:412,1
DA:413,30
DA:421,1
DA:422,7
DA:428,1
DA:429,2
DA:430,2
DA:432,2
DA:434,2
DA:437,1
DA:438,2
DA:439,2
DA:441,2
DA:442,0
DA:444,2
DA:445,2
DA:447,0
DA:448,0
DA:449,0
DA:451,2
DA:454,1
DA:456,360
DA:458,360
DA:460,1
DA:461,0
DA:463,1
DA:464,0
DA:465,0
DA:467,1
DA:468,1
DA:473,359
DA:474,359
DA:478,360
DA:483,1
DA:484,27
DA:492,1
DA:493,4
DA:494,4
DA:495,1
DA:498,1
DA:499,1
DA:500,1
DA:502,1
DA:503,1
DA:505,4
DA:514,1
DA:515,333
DA:516,0
DA:517,333
DA:518,27
DA:520,306
DA:522,306
DA:530,1
DA:532,0
DA:533,0
DA:534,0
DA:535,0
DA:536,0
DA:537,0
DA:539,0
DA:556,1
DA:557,152
DA:558,152
DA:559,304
DA:561,152
DA:565,1
DA:566,320
DA:567,34
DA:569,286
DA:572,1
DA:573,35
DA:574,26
DA:577,35
DA:578,5
DA:579,30
DA:580,0
DA:583,30
DA:585,30
DA:588,30
DA:589,30
DA:590,30
DA:591,152
DA:592,152
DA:593,152
DA:594,152
DA:595,152
DA:596,152
DA:597,152
DA:598,152
DA:599,152
DA:604,30
DA:605,30
DA:606,7
DA:607,30
DA:610,30
DA:612,122
DA:613,122
DA:614,11
DA:615,122
DA:618,30
DA:626,1
DA:628,2
DA:629,0
DA:630,0
DA:631,0
DA:634,2
DA:635,2
DA:636,2
DA:638,2
DA:641,2
DA:643,8
DA:645,8
DA:649,2
DA:650,2
DA:651,0
DA:654,2
DA:655,0
DA:658,2
DA:659,0
DA:660,0
DA:661,0
DA:662,0
DA:664,2
DA:673,1
DA:674,3
DA:675,3
DA:676,3
DA:678,3
DA:681,3
DA:682,8
DA:683,8
DA:687,3
DA:688,3
DA:689,0
DA:692,3
DA:693,4
DA:695,3
DA:704,1
DA:705,6
DA:706,2
DA:707,4
DA:708,0
DA:709,4
DA:710,1
DA:712,3
DA:713,3
DA:714,1
DA:715,2
DA:716,2
DA:718,2
DA:728,1
DA:729,3
DA:730,0
DA:731,3
DA:732,0
DA:733,3
DA:734,1
DA:736,2
DA:737,2
DA:738,1
DA:739,1
DA:740,1
DA:741,1
DA:752,1
DA:753,14
DA:754,14
DA:755,14
DA:756,14
DA:757,14
DA:758,2
DA:759,12
DA:760,7
DA:761,5
DA:762,11
DA:763,11
DA:764,11
DA:765,3
DA:767,2
DA:774,1
DA:775,10
DA:776,10
DA:778,10
DA:779,9
DA:781,10
DA:782,10
DA:783,120
DA:784,120
DA:785,120
DA:787,10
DA:789,10
DA:790,36
DA:791,36
DA:792,1003
DA:793,1003
DA:794,1003
DA:796,36
DA:798,10
DA:807,1
DA:808,12
DA:809,6
DA:810,6
DA:811,6
DA:812,6
DA:813,6
DA:820,1
DA:821,2
DA:829,1
DA:830,1
DA:834,1
DA:836,2
DA:837,0
DA:838,2
DA:839,2
DA:840,0
DA:841,0
DA:843,0
DA:851,1
DA:852,0
DA:855,0
DA:860,0
DA:862,0
DA:863,0
DA:867,0
DA:868,0
DA:871,0
DA:874,0
DA:885,1
DA:886,1
DA:887,1
DA:888,4
DA:889,1
DA:896,1
DA:931,41
DA:932,41
DA:933,14
DA:936,41
DA:937,41
DA:938,621
DA:939,621
DA:940,621
DA:941,621
DA:942,621
DA:946,41
DA:947,621
DA:948,621
DA:949,621
DA:953,41
DA:954,41
DA:956,41
DA:963,1
DA:964,1229
DA:965,1229
DA:967,1229
DA:968,1229
DA:969,27148
DA:970,27148
DA:971,27148
DA:973,1229
DA:981,1
DA:982,1229
DA:983,1229
DA:985,1229
DA:986,1229
DA:987,992
DA:988,237
DA:989,237
DA:990,0
DA:992,237
DA:993,237
DA:994,237
DA:997,0
DA:1001,1
DA:1002,46
DA:1003,5
DA:1004,41
DA:1005,41
DA:1006,1201
DA:1007,1201
DA:1008,1201
DA:1010,41
DA:1023,1
DA:1024,3
DA:1025,0
DA:1026,3
DA:1027,0
DA:1030,3
DA:1031,3
DA:1032,3
DA:1034,3
DA:1035,10
DA:1036,3
DA:1037,3
DA:1039,10
DA:1040,7
DA:1041,7
DA:1044,3
DA:1055,1
DA:1056,0
DA:1057,0
DA:1058,0
DA:1060,0
DA:1072,1
DA:1073,0
DA:1074,0
DA:1075,0
DA:1077,0
DA:1090,1
DA:1091,0
DA:1092,0
DA:1093,0
DA:1095,0
DA:1105,1
DA:1106,0
DA:1107,0
DA:1108,0
DA:1110,0
DA:1121,1
DA:1122,0
DA:1123,0
DA:1124,0
DA:1126,0
DA:1127,0
DA:1128,0
DA:1130,0
DA:1131,0
DA:1132,0
DA:1133,0
DA:1134,0
DA:1136,0
DA:1138,0
DA:1150,1
DA:1151,0
DA:1152,0
DA:1154,0
DA:1155,0
DA:1157,0
DA:1158,0
DA:1160,0
DA:1162,0
DA:1177,1
DA:1178,3
DA:1179,0
DA:1180,3
DA:1181,0
DA:1182,3
DA:1183,0
DA:1184,0
DA:1186,0
DA:1190,3
DA:1191,3
DA:1192,3
DA:1193,3
DA:1195,3
DA:1196,1
DA:1197,1
DA:1198,4
DA:1200,2
DA:1201,2
DA:1202,2
DA:1203,2
DA:1204,0
DA:1205,0
DA:1207,2
DA:1209,2
DA:1210,2
DA:1211,0
DA:1212,2
DA:1215,3
DA:1230,1
DA:1231,3
DA:1232,0
DA:1233,3
DA:1234,0
DA:1235,0
DA:1237,0
DA:1241,3
DA:1242,3
DA:1243,3
DA:1244,3
DA:1247,3
DA:1248,0
DA:1250,3
DA:1251,1
DA:1252,1
DA:1253,1
DA:1254,3
DA:1256,2
DA:1257,2
DA:1258,2
DA:1259,2
DA:1260,2
DA:1262,0
DA:1265,2
DA:1266,2
DA:1267,2
DA:1268,1
DA:1271,3
DA:1273,0
DA:1274,0
DA:1275,0
DA:1276,0
DA:1277,0
DA:1279,0
DA:1280,0
DA:1283,3
DA:1286,1
DA:1287,0
DA:1288,0
DA:1289,0
DA:1290,0
DA:1291,0
DA:1292,0
DA:1294,0
DA:1310,1
DA:1311,5
DA:1312,5
DA:1314,5
DA:1316,0
DA:1318,0
DA:1321,0
DA:1331,1
DA:1336,26
DA:1337,0
DA:1339,26
DA:1340,26
DA:1341,6
DA:1343,20
DA:1344,20
DA:1345,20
DA:1346,20
DA:1347,6
DA:1349,14
DA:1350,17
DA:1351,13
DA:1355,1
DA:1365,1
DA:1366,2
DA:1367,2
DA:1368,2
DA:1369,2
DA:1370,2
DA:1381,1
DA:1382,10
DA:1383,10
DA:1384,10
DA:1385,10
DA:1386,10
DA:1399,1
DA:1400,10
DA:1401,0
DA:1403,10
DA:1404,10
DA:1415,1
DA:1416,15
DA:1417,0
DA:1418,15
DA:1421,1
DA:1422,0
DA:1423,0
DA:1424,0
DA:1425,0
DA:1432,1
DA:1433,42
DA:1434,44
DA:1435,44
DA:1436,44
DA:1437,39
DA:1438,5
DA:1439,3
DA:1441,0
DA:1447,1
DA:1448,3
DA:1450,3
DA:1451,96
DA:1452,96
DA:1455,3
DA:1463,1
DA:1464,39
DA:1465,39
DA:1466,39
DA:1468,39
DA:1469,608
DA:1470,608
DA:1472,608
DA:1473,608
DA:1476,39
DA:1477,0
DA:1479,39
DA:1480,3
DA:1482,39
DA:1489,1
DA:1490,5
DA:1491,5
DA:1492,5
DA:1495,5
DA:1496,0
DA:1497,0
DA:1499,5
DA:1500,5
DA:1501,5
DA:1502,38
DA:1503,5
DA:1504,5
DA:1506,0
DA:1507,0
DA:1508,0
DA:1509,0
DA:1510,0
DA:1519,1
DA:1578,5
DA:1579,0
DA:1582,5
DA:1583,0
DA:1585,5
DA:1586,5
DA:1587,5
DA:1588,5
DA:1591,5
DA:1592,5
DA:1594,5
DA:1595,4
DA:1596,0
DA:1601,5
DA:1604,5
DA:1605,5
DA:1606,5
DA:1610,5
DA:1613,5
DA:1615,5
DA:1616,5
DA:1617,5
DA:1619,5
DA:1621,5
DA:1623,5
DA:1624,0
DA:1625,0
DA:1626,0
DA:1627,0
DA:1628,0
DA:1632,5
DA:1634,5
DA:1637,5
DA:1638,5
DA:1639,38
DA:1642,5
DA:1643,0
DA:1644,0
DA:1648,5
DA:1650,5
DA:1651,5
DA:1652,5
DA:1653,5
DA:1654,5
DA:1655,5
DA:1656,5
DA:1657,0
DA:1658,0
DA:1659,0
DA:1663,5
DA:1666,5
DA:1667,5
DA:1669,5
DA:1671,5
DA:1672,0
DA:1673,0
DA:1676,5
DA:1678,5
DA:1679,5
DA:1680,5
DA:1683,5
DA:1684,32
DA:1686,32
DA:1688,32
DA:1689,32
DA:1690,32
DA:1691,32
DA:1692,5
DA:1693,5
DA:1694,5
DA:1699,32
DA:1700,1
DA:1701,1
DA:1702,0
DA:1703,0
DA:1705,1
DA:1706,1
DA:1710,32
DA:1711,1
DA:1712,0
DA:1713,0
DA:1715,1
DA:1716,1
DA:1717,1
DA:1718,1
DA:1723,32
DA:1724,5
DA:1727,27
DA:1728,27
DA:1729,27
DA:1730,27
DA:1731,27
DA:1736,5
DA:1737,5
DA:1738,38
DA:1740,5
DA:1742,5
DA:1743,5
DA:1744,38
DA:1746,5
DA:1757,1
DA:1758,2
DA:1759,2
DA:1760,2
DA:1761,2
DA:1762,0
DA:1765,2
DA:1766,2
DA:1768,2
DA:1770,2
DA:1772,2
DA:1784,1
DA:1785,4
DA:1786,0
DA:1788,4
DA:1789,0
DA:1792,4
DA:1793,4
DA:1794,2
DA:1796,4
DA:1797,0
DA:1799,4
DA:1800,4
DA:1802,4
DA:1804,4
DA:1810,1
DA:1815,2
DA:1816,2
DA:1817,2
DA:1819,2
DA:1821,2
DA:1822,0
DA:1824,2
DA:1825,10
DA:1826,2
DA:1827,10
DA:1828,10
DA:1829,8
DA:1832,2
DA:1840,1
DA:1841,8
DA:1842,8
DA:1843,0
DA:1844,0
DA:1851,1
DA:1852,12
DA:1853,10
DA:1855,2
DA:1856,2
DA:1857,2
DA:1858,2
DA:1861,2
DA:1862,2
DA:1864,2
DA:1880,1
DA:1881,3
DA:1882,0
DA:1885,3
DA:1886,0
DA:1888,3
DA:1889,0
DA:1891,3
DA:1892,0
DA:1894,3
DA:1895,0
DA:1897,3
DA:1898,3
DA:1899,0
DA:1901,3
DA:1902,3
DA:1903,3
DA:1904,1
DA:1913,2
DA:1915,2
DA:1916,2
DA:1919,2
DA:1921,2
DA:1924,2
DA:1926,2
DA:1927,2
DA:1928,2
DA:1931,2
DA:1932,2
DA:1934,2
DA:1936,3
DA:1943,1
DA:1944,1
DA:1945,1
DA:1947,1
DA:1948,16
DA:1949,16
DA:1950,16
DA:1951,16
DA:1954,1
DA:1956,1
DA:1957,1
DA:1959,1
LF:867
LH:690
BRDA:152,1,0,0
BRDA:152,1,1,5
BRDA:152,2,0,5
BRDA:152,2,1,5
BRDA:155,3,0,0
BRDA:155,3,1,5
BRDA:158,4,0,0
BRDA:158,4,1,5
BRDA:167,5,0,0
BRDA:167,5,1,154
BRDA:174,6,0,0
BRDA:174,6,1,154
BRDA:203,7,0,40
BRDA:203,7,1,10
BRDA:207,8,0,0
BRDA:207,8,1,40
BRDA:207,9,0,40
BRDA:207,9,1,40
BRDA:210,10,0,0
BRDA:210,10,1,40
BRDA:216,11,0,40
BRDA:216,11,1,0
BRDA:217,12,0,8
BRDA:217,12,1,32
BRDA:217,13,0,40
BRDA:217,13,1,32
BRDA:219,14,0,0
BRDA:219,14,1,8
BRDA:223,15,0,8
BRDA:223,15,1,32
BRDA:232,16,0,53
BRDA:232,16,1,51
BRDA:235,17,0,2
BRDA:235,17,1,38
BRDA:252,18,0,0
BRDA:252,18,1,38
BRDA:258,19,0,0
BRDA:258,19,1,38
BRDA:268,20,0,0
BRDA:268,20,1,146
BRDA:285,21,0,5
BRDA:285,21,1,5
BRDA:333,22,0,86
BRDA:333,22,1,86
BRDA:335,23,0,30
BRDA:335,23,1,28
BRDA:350,24,0,17
BRDA:350,24,1,0
BRDA:353,25,0,5
BRDA:353,25,1,12
BRDA:358,26,0,1
BRDA:358,26,1,11
BRDA:361,27,0,1
BRDA:361,27,1,1
BRDA:364,28,0,0
BRDA:364,28,1,1
BRDA:394,29,0,4
BRDA:394,29,1,12
BRDA:413,30,0,23
BRDA:413,30,1,7
BRDA:432,31,0,4
BRDA:432,31,1,2
BRDA:441,32,0,0
BRDA:441,32,1,2
BRDA:441,33,0,2
BRDA:441,33,1,2
BRDA:444,34,0,2
BRDA:444,34,1,0
BRDA:447,35,0,0
BRDA:447,35,1,0
BRDA:458,36,0,1
BRDA:458,36,1,359
BRDA:460,37,0,0
BRDA:460,37,1,1
BRDA:463,38,0,0
BRDA:463,38,1,1
BRDA:468,39,0,0
BRDA:468,39,1,1
BRDA:473,40,0,0
BRDA:473,40,1,359
BRDA:484,41,0,0
BRDA:484,41,1,27
BRDA:494,42,0,1
BRDA:494,42,1,3
BRDA:500,43,0,1
BRDA:500,43,1,1
BRDA:515,44,0,0
BRDA:515,44,1,333
BRDA:517,45,0,27
BRDA:517,45,1,306
BRDA:522,46,0,302
BRDA:522,46,1,4
BRDA:522,47,0,1
BRDA:522,47,1,3
BRDA:566,48,0,34
BRDA:566,48,1,286
BRDA:566,49,0,320
BRDA:566,49,1,286
BRDA:573,50,0,26
BRDA:573,50,1,9
BRDA:577,51,0,5
BRDA:577,51,1,30
BRDA:579,52,0,0
BRDA:579,52,1,30
BRDA:579,53,0,30
BRDA:579,53,1,30
BRDA:605,54,0,7
BRDA:605,54,1,23
BRDA:613,55,0,11
BRDA:613,55,1,111
BRDA:628,56,0,0
BRDA:628,56,1,2
BRDA:650,57,0,2
BRDA:650,57,1,0
BRDA:658,58,0,0
BRDA:658,58,1,2
BRDA:688,59,0,3
BRDA:688,59,1,3
BRDA:705,60,0,2
BRDA:705,60,1,4
BRDA:707,61,0,0
BRDA:707,61,1,4
BRDA:709,62,0,1
BRDA:709,62,1,3
BRDA:713,63,0,1
BRDA:713,63,1,2
BRDA:715,64,0,2
BRDA:715,64,1,0
BRDA:718,65,0,0
BRDA:718,65,1,2
BRDA:729,66,0,0
BRDA:729,66,1,3
BRDA:731,67,0,0
BRDA:731,67,1,3
BRDA:733,68,0,1
BRDA:733,68,1,2
BRDA:737,69,0,1
BRDA:737,69,1,1
BRDA:739,70,0,0
BRDA:739,70,1,1
BRDA:741,71,0,1
BRDA:741,71,1,0
BRDA:757,72,0,2
BRDA:757,72,1,12
BRDA:759,73,0,7
BRDA:759,73,1,5
BRDA:764,74,0,3
BRDA:764,74,1,8
BRDA:765,75,0,2
BRDA:765,75,1,1
BRDA:778,76,0,9
BRDA:778,76,1,1
BRDA:778,77,0,10
BRDA:778,77,1,1
BRDA:808,78,0,6
BRDA:808,78,1,6
BRDA:808,79,0,12
BRDA:808,79,1,8
BRDA:812,80,0,6
BRDA:812,80,1,0
BRDA:830,81,0,0
BRDA:830,81,1,1
BRDA:836,82,0,0
BRDA:836,82,1,2
BRDA:838,83,0,2
BRDA:838,83,1,0
BRDA:838,84,0,2
BRDA:838,84,1,2
BRDA:840,85,0,0
BRDA:840,85,1,0
BRDA:840,86,0,0
BRDA:840,86,1,0
BRDA:855,87,0,0
BRDA:855,87,1,0
BRDA:860,88,0,0
BRDA:860,88,1,0
BRDA:862,89,0,0
BRDA:862,89,1,0
BRDA:932,90,0,14
BRDA:932,90,1,27
BRDA:932,91,0,41
BRDA:932,91,1,27
BRDA:986,92,0,992
BRDA:986,92,1,237
BRDA:989,93,0,0
BRDA:989,93,1,237
BRDA:993,94,0,237
BRDA:993,94,1,0
BRDA:1002,95,0,5
BRDA:1002,95,1,41
BRDA:1002,96,0,46
BRDA:1002,96,1,46
BRDA:1024,97,0,0
BRDA:1024,97,1,3
BRDA:1026,98,0,0
BRDA:1026,98,1,3
BRDA:1027,99,0,0
BRDA:1027,99,1,0
BRDA:1030,100,0,0
BRDA:1030,100,1,3
BRDA:1030,101,0,3
BRDA:1030,101,1,0
BRDA:1035,102,0,3
BRDA:1035,102,1,7
BRDA:1039,103,0,7
BRDA:1039,103,1,3
BRDA:1123,104,0,0
BRDA:1123,104,1,0
BRDA:1128,105,0,0
BRDA:1128,105,1,0
BRDA:1151,106,0,0
BRDA:1151,106,1,0
BRDA:1178,107,0,0
BRDA:1178,107,1,3
BRDA:1180,108,0,0
BRDA:1180,108,1,3
BRDA:1182,109,0,0
BRDA:1182,109,1,3
BRDA:1183,110,0,0
BRDA:1183,110,1,0
BRDA:1195,111,0,1
BRDA:1195,111,1,2
BRDA:1203,112,0,0
BRDA:1203,112,1,2
BRDA:1231,113,0,0
BRDA:1231,113,1,3
BRDA:1233,114,0,0
BRDA:1233,114,1,3
BRDA:1234,115,0,0
BRDA:1234,115,1,0
BRDA:1247,116,0,0
BRDA:1247,116,1,3
BRDA:1248,117,0,0
BRDA:1248,117,1,0
BRDA:1250,118,0,1
BRDA:1250,118,1,2
BRDA:1258,119,0,2
BRDA:1258,119,1,0
BRDA:1271,120,0,0
BRDA:1271,120,1,3
BRDA:1274,121,0,0
BRDA:1274,121,1,0
BRDA:1276,122,0,0
BRDA:1276,122,1,0
BRDA:1276,123,0,0
BRDA:1276,123,1,0
BRDA:1279,124,0,0
BRDA:1279,124,1,0
BRDA:1288,125,0,0
BRDA:1288,125,1,0
BRDA:1290,126,0,0
BRDA:1290,126,1,0
BRDA:1311,127,0,5
BRDA:1311,127,1,0
BRDA:1312,128,0,5
BRDA:1312,128,1,0
BRDA:1312,128,2,0
BRDA:1321,129,0,0
BRDA:1321,129,1,0
BRDA:1336,130,0,0
BRDA:1336,130,1,26
BRDA:1340,131,0,6
BRDA:1340,131,1,20
BRDA:1346,132,0,6
BRDA:1346,132,1,14
BRDA:1350,133,0,13
BRDA:1350,133,1,4
BRDA:1370,134,0,2
BRDA:1370,134,1,0
BRDA:1400,135,0,0
BRDA:1400,135,1,10
BRDA:1404,136,0,10
BRDA:1404,136,1,0
BRDA:1416,137,0,0
BRDA:1416,137,1,15
BRDA:1436,138,0,39
BRDA:1436,138,1,5
BRDA:1438,139,0,3
BRDA:1438,139,1,2
BRDA:1495,140,0,0
BRDA:1495,140,1,5
BRDA:1499,141,0,5
BRDA:1499,141,1,0
BRDA:1578,142,0,0
BRDA:1578,142,1,5
BRDA:1582,143,0,0
BRDA:1582,143,1,5
BRDA:1594,144,0,4
BRDA:1594,144,1,1
BRDA:1594,145,0,5
BRDA:1594,145,1,1
BRDA:1623,146,0,0
BRDA:1623,146,1,5
BRDA:1654,147,0,5
BRDA:1654,147,1,0
BRDA:1656,148,0,0
BRDA:1656,148,1,5
BRDA:1679,149,0,5
BRDA:1679,149,1,0
BRDA:1688,150,0,32
BRDA:1688,150,1,0
BRDA:1689,151,0,1
BRDA:1689,151,1,31
BRDA:1691,152,0,5
BRDA:1691,152,1,27
BRDA:1699,153,0,1
BRDA:1699,153,1,31
BRDA:1710,154,0,1
BRDA:1710,154,1,31
BRDA:1711,155,0,0
BRDA:1711,155,1,1
BRDA:1723,156,0,5
BRDA:1723,156,1,27
BRDA:1727,157,0,27
BRDA:1727,157,1,0
BRDA:1759,158,0,2
BRDA:1759,158,1,0
BRDA:1761,159,0,0
BRDA:1761,159,1,2
BRDA:1785,160,0,0
BRDA:1785,160,1,4
BRDA:1788,161,0,0
BRDA:1788,161,1,4
BRDA:1793,162,0,2
BRDA:1793,162,1,2
BRDA:1793,163,0,4
BRDA:1793,163,1,4
BRDA:1796,164,0,0
BRDA:1796,164,1,4
BRDA:1821,165,0,0
BRDA:1821,165,1,2
BRDA:1822,166,0,0
BRDA:1822,166,1,0
BRDA:1825,167,0,2
BRDA:1825,167,1,8
BRDA:1828,168,0,8
BRDA:1828,168,1,2
BRDA:1841,169,0,8
BRDA:1841,169,1,0
BRDA:1852,170,0,10
BRDA:1852,170,1,2
BRDA:1864,171,0,2
BRDA:1864,171,1,0
BRDA:1881,172,0,0
BRDA:1881,172,1,3
BRDA:1885,173,0,0
BRDA:1885,173,1,3
BRDA:1886,174,0,0
BRDA:1886,174,1,0
BRDA:1888,175,0,0
BRDA:1888,175,1,3
BRDA:1889,176,0,0
BRDA:1889,176,1,0
BRDA:1891,177,0,0
BRDA:1891,177,1,3
BRDA:1891,178,0,3
BRDA:1891,178,1,0
BRDA:1894,179,0,0
BRDA:1894,179,1,3
BRDA:1894,180,0,3
BRDA:1894,180,1,0
BRDA:1895,181,0,0
BRDA:1895,181,1,0
BRDA:1898,182,0,0
BRDA:1898,182,1,3
BRDA:1901,183,0,2
BRDA:1901,183,1,1
BRDA:1901,184,0,3
BRDA:1901,184,1,3
BRDA:1903,185,0,1
BRDA:1903,185,1,2
BRDA:1919,186,0,2
BRDA:1919,186,1,0
BRDA:1919,187,0,2
BRDA:1919,187,1,2
BRDA:1921,188,0,0
BRDA:1921,188,1,2
BRDA:1936,189,0,0
BRDA:1936,189,1,3
BRF:379
BRH:241
end_of_record
TN:
SF:/Users/yaotang/Workspace/github/BigInteger/lib/Integer.js
FN:2,Integer
FN:18,(anonymous_2)
FN:30,(anonymous_3)
FN:45,(anonymous_4)
FNF:4
FNH:3
FNDA:0,Integer
FNDA:6,(anonymous_2)
FNDA:433,(anonymous_3)
FNDA:1,(anonymous_4)
DA:2,1
DA:18,1
DA:20,6
DA:21,6
DA:22,6
DA:23,6
DA:24,6
DA:25,6
DA:26,6
DA:27,6
DA:30,1
DA:32,433
DA:33,136
DA:35,297
DA:36,297
DA:37,297
DA:38,297
DA:39,297
DA:40,297
DA:42,297
DA:45,1
DA:47,1
DA:48,1
DA:49,1
DA:50,1
DA:51,1
DA:52,1
DA:55,1
DA:57,1
DA:59,1
DA:68,1
LF:31
LH:31
BRDA:21,1,0,0
BRDA:21,1,1,6
BRDA:23,2,0,6
BRDA:23,2,1,0
BRDA:24,3,0,6
BRDA:24,3,1,0
BRDA:25,4,0,6
BRDA:25,4,1,0
BRDA:26,5,0,0
BRDA:26,5,1,6
BRDA:32,6,0,136
BRDA:32,6,1,297
BRDA:36,7,0,101
BRDA:36,7,1,196
BRDA:37,8,0,93
BRDA:37,8,1,204
BRDA:38,9,0,215
BRDA:38,9,1,82
BRDA:39,10,0,91
BRDA:39,10,1,206
BRF:20
BRH:15
end_of_record
TN:
SF:/Users/yaotang/Workspace/github/BigInteger/lib/common.js
FN:4,(anonymous_1)
FN:13,(anonymous_2)
FN:19,(anonymous_3)
FN:27,(anonymous_4)
FN:33,(anonymous_5)
FN:60,(anonymous_6)
FNF:6
FNH:5
FNDA:434,(anonymous_1)
FNDA:577,(anonymous_2)
FNDA:601,(anonymous_3)
FNDA:8,(anonymous_4)
FNDA:153,(anonymous_5)
FNDA:0,(anonymous_6)
DA:1,1
DA:2,1
DA:4,1
DA:5,434
DA:6,434
DA:7,0
DA:8,434
DA:9,434
DA:10,434
DA:13,1
DA:14,577
DA:15,5130
DA:19,1
DA:20,601
DA:21,601
DA:22,6397
DA:24,601
DA:27,1
DA:28,8
DA:29,8
DA:30,8
DA:33,1
DA:34,153
DA:35,0
DA:36,153
DA:37,148
DA:38,5
DA:39,5
DA:40,5
DA:42,5
DA:43,5
DA:45,5
DA:46,5
DA:47,5
DA:48,39
DA:49,39
DA:50,39
DA:52,5
DA:54,5
DA:55,0
DA:57,5
DA:60,1
DA:61,0
LF:43
LH:39
BRDA:6,1,0,0
BRDA:6,1,1,434
BRDA:34,2,0,0
BRDA:34,2,1,153
BRDA:34,3,0,153
BRDA:34,3,1,153
BRDA:36,4,0,148
BRDA:36,4,1,5
BRDA:42,5,0,5
BRDA:42,5,1,0
BRDA:54,6,0,0
BRDA:54,6,1,5
BRF:12
BRH:8
end_of_record
TN:
SF:/Users/yaotang/Workspace/github/BigInteger/lib/MutableBigInteger.js
FN:8,MutableBigInteger
FN:55,(anonymous_2)
FN:97,(anonymous_3)
FN:218,(anonymous_4)
FN:233,(anonymous_5)
FN:258,(anonymous_6)
FN:278,(anonymous_7)
FN:289,(anonymous_8)
FN:334,(anonymous_9)
FN:350,(anonymous_10)
FN:365,(anonymous_11)
FN:418,(anonymous_12)
FN:440,(anonymous_13)
FN:454,(anonymous_14)
FN:516,(anonymous_15)
FN:541,(anonymous_16)
FN:547,(anonymous_17)
FN:555,(anonymous_18)
FN:574,(anonymous_19)
FN:592,(anonymous_20)
FN:602,(anonymous_21)
FN:606,(anonymous_22)
FN:613,(anonymous_23)
FN:620,(anonymous_24)
FN:628,(anonymous_25)
FN:650,(anonymous_26)
FN:707,fixup
FN:744,(anonymous_28)
FN:797,(anonymous_29)
FN:805,(anonymous_30)
FN:829,(anonymous_31)
FN:865,(anonymous_32)
FN:912,(anonymous_33)
FN:972,(anonymous_34)
FN:1010,(anonymous_35)
FN:1073,(anonymous_36)
FN:1118,SignedMutableBigInteger
FN:1135,(anonymous_38)
FN:1150,(anonymous_39)
FNF:39
FNH:30
FNDA:723,MutableBigInteger
FNDA:173,(anonymous_2)
FNDA:133,(anonymous_3)
FNDA:0,(anonymous_4)
FNDA:274,(anonymous_5)
FNDA:2188,(anonymous_6)
FNDA:2492,(anonymous_7)
FNDA:862,(anonymous_8)
FNDA:234,(anonymous_9)
FNDA:35,(anonymous_10)
FNDA:134,(anonymous_11)
FNDA:137,(anonymous_12)
FNDA:0,(anonymous_13)
FNDA:11,(anonymous_14)
FNDA:176,(anonymous_15)
FNDA:142,(anonymous_16)
FNDA:0,(anonymous_17)
FNDA:286,(anonymous_18)
FNDA:10,(anonymous_19)
FNDA:5,(anonymous_20)
FNDA:4,(anonymous_21)
FNDA:4,(anonymous_22)
FNDA:4,(anonymous_23)
FNDA:6,(anonymous_24)
FNDA:4,(anonymous_25)
FNDA:2,(anonymous_26)
FNDA:2,fixup
FNDA:0,(anonymous_28)
FNDA:0,(anonymous_29)
FNDA:2,(anonymous_30)
FNDA:2,(anonymous_31)
FNDA:0,(anonymous_32)
FNDA:2,(anonymous_33)
FNDA:2,(anonymous_34)
FNDA:0,(anonymous_35)
FNDA:4,(anonymous_36)
FNDA:4,SignedMutableBigInteger
FNDA:0,(anonymous_38)
FNDA:0,(anonymous_39)
DA:2,1
DA:3,1
DA:4,1
DA:5,1
DA:6,1
DA:8,1
DA:9,723
DA:11,185
DA:12,185
DA:14,538
DA:16,490
DA:17,490
DA:19,48
DA:21,38
DA:22,38
DA:24,10
DA:26,8
DA:27,8
DA:29,2
DA:31,2
DA:32,2
DA:33,2
DA:37,0
DA:38,0
DA:41,723
DA:55,1
DA:56,173
DA:57,0
DA:60,173
DA:61,0
DA:62,0
DA:65,173
DA:67,173
DA:68,30
DA:69,30
DA:72,143
DA:73,1
DA:74,1
DA:75,1
DA:78,142
DA:80,142
DA:81,10
DA:82,10
DA:83,1
DA:84,9
DA:88,132
DA:89,132
DA:97,1
DA:99,133
DA:100,133
DA:101,133
DA:102,133
DA:104,133
DA:107,133
DA:108,133
DA:109,133
DA:110,131
DA:111,131
DA:113,133
DA:115,133
DA:118,133
DA:119,133
DA:121,131
DA:123,131
DA:127,133
DA:128,104
DA:129,104
DA:130,104
DA:133,133
DA:134,133
DA:135,133
DA:136,133
DA:139,133
DA:142,2290
DA:143,2290
DA:144,2290
DA:145,2290
DA:146,2290
DA:147,2290
DA:149,2290
DA:150,0
DA:151,0
DA:152,0
DA:154,2290
DA:155,2290
DA:156,1429
DA:157,1429
DA:159,861
DA:160,861
DA:161,861
DA:165,2290
DA:166,104
DA:168,2186
DA:169,2186
DA:170,2186
DA:171,2186
DA:173,2186
DA:174,565
DA:175,565
DA:176,565
DA:177,303
DA:178,303
DA:179,303
DA:180,0
DA:188,2186
DA:190,2186
DA:193,2186
DA:195,0
DA:196,0
DA:200,2186
DA:204,133
DA:205,131
DA:207,133
DA:208,133
DA:209,133
DA:218,1
DA:219,0
DA:220,0
DA:221,0
DA:222,0
DA:223,0
DA:225,0
DA:233,1
DA:234,274
DA:235,0
DA:236,0
DA:239,274
DA:240,274
DA:241,34
DA:243,240
DA:244,240
DA:245,2273
DA:247,240
DA:248,240
DA:249,240
DA:258,1
DA:259,2188
DA:260,2188
DA:261,2188
DA:262,2188
DA:263,6299
DA:264,6299
DA:265,6299
DA:266,6299
DA:271,2188
DA:278,1
DA:279,2492
DA:289,1
DA:294,862
DA:296,862
DA:297,0
DA:298,0
DA:299,0
DA:304,862
DA:307,862
DA:308,862
DA:310,862
DA:312,47
DA:314,47
DA:316,862
DA:319,0
DA:320,0
DA:323,862
DA:324,862
DA:334,1
DA:335,234
DA:336,234
DA:337,234
DA:338,4147
DA:339,4147
DA:340,4147
DA:342,234
DA:350,1
DA:351,35
DA:352,35
DA:353,35
DA:354,468
DA:355,468
DA:356,468
DA:358,35
DA:365,1
DA:372,134
DA:373,2
DA:374,132
DA:375,132
DA:376,132
DA:379,132
DA:380,102
DA:381,102
DA:384,30
DA:385,30
DA:386,0
DA:387,30
DA:389,0
DA:390,0
DA:391,0
DA:392,0
DA:393,30
DA:395,0
DA:396,0
DA:399,30
DA:400,468
DA:401,30
DA:402,30
DA:403,30
DA:405,30
DA:406,30
DA:407,0
DA:408,30
DA:409,0
DA:411,30
DA:418,1
DA:419,137
DA:420,0
DA:421,137
DA:422,137
DA:423,137
DA:424,137
DA:425,0
DA:426,137
DA:427,137
DA:428,132
DA:429,132
DA:431,5
DA:440,1
DA:441,0
DA:442,0
DA:443,0
DA:454,1
DA:455,11
DA:457,11
DA:458,3
DA:459,3
DA:460,3
DA:461,3
DA:462,3
DA:463,3
DA:464,3
DA:467,8
DA:468,8
DA:470,8
DA:471,8
DA:474,8
DA:476,8
DA:477,8
DA:478,8
DA:479,3
DA:481,5
DA:482,5
DA:483,5
DA:486,8
DA:487,8
DA:488,8
DA:489,18
DA:492,18
DA:493,18
DA:494,18
DA:496,0
DA:498,18
DA:499,18
DA:500,18
DA:503,8
DA:505,8
DA:506,8
DA:508,0
DA:516,1
DA:517,176
DA:518,176
DA:519,24
DA:520,152
DA:521,138
DA:525,14
DA:526,14
DA:527,14
DA:528,17
DA:529,17
DA:530,17
DA:531,8
DA:532,9
DA:533,5
DA:535,1
DA:541,1
DA:542,142
DA:543,142
DA:544,142
DA:547,1
DA:548,0
DA:549,0
DA:550,0
DA:552,0
DA:555,1
DA:556,286
DA:557,224
DA:559,62
DA:574,1
DA:576,10
DA:577,10
DA:578,10
DA:580,10
DA:581,10
DA:582,10
DA:583,10
DA:585,10
DA:592,1
DA:593,5
DA:594,5
DA:595,38
DA:596,5
DA:602,1
DA:603,4
DA:606,1
DA:607,4
DA:613,1
DA:614,4
DA:620,1
DA:621,6
DA:628,1
DA:629,4
DA:630,0
DA:631,4
DA:632,4
DA:634,4
DA:635,4
DA:636,0
DA:637,4
DA:650,1
DA:651,2
DA:652,2
DA:653,2
DA:654,2
DA:655,2
DA:656,2
DA:657,2
DA:659,2
DA:661,2
DA:662,2
DA:663,2
DA:664,2
DA:665,2
DA:669,2
DA:671,0
DA:672,0
DA:675,0
DA:676,0
DA:677,0
DA:681,0
DA:683,0
DA:684,0
DA:686,0
DA:687,0
DA:691,0
DA:692,0
DA:693,0
DA:694,0
DA:697,2
DA:698,0
DA:700,2
DA:707,1
DA:708,2
DA:710,2
DA:712,2
DA:714,0
DA:716,0
DA:717,0
DA:719,0
DA:721,2
DA:722,2
DA:724,2
DA:725,2
DA:727,2
DA:728,2
DA:730,2
DA:734,2
DA:735,0
DA:737,2
DA:744,1
DA:745,0
DA:747,0
DA:748,0
DA:750,0
DA:751,0
DA:752,0
DA:754,0
DA:755,0
DA:756,0
DA:757,0
DA:760,0
DA:761,0
DA:762,0
DA:764,0
DA:765,0
DA:766,0
DA:767,0
DA:770,0
DA:771,0
DA:773,0
DA:779,0
DA:782,0
DA:783,0
DA:784,0
DA:787,0
DA:790,0
DA:791,0
DA:792,0
DA:793,0
DA:794,0
DA:797,1
DA:798,0
DA:805,1
DA:806,2
DA:807,2
DA:808,2
DA:809,1
DA:810,2
DA:811,2
DA:812,2
DA:813,0
DA:814,0
DA:815,0
DA:816,0
DA:817,0
DA:818,0
DA:819,0
DA:820,0
DA:829,1
DA:830,2
DA:831,2
DA:832,2
DA:835,0
DA:836,0
DA:837,0
DA:841,0
DA:842,0
DA:843,0
DA:844,0
DA:845,0
DA:846,0
DA:847,0
DA:850,0
DA:851,0
DA:852,0
DA:854,0
DA:855,0
DA:856,0
DA:858,0
DA:865,1
DA:866,0
DA:867,0
DA:868,0
DA:871,0
DA:872,0
DA:873,0
DA:874,0
DA:877,0
DA:878,0
DA:879,0
DA:882,0
DA:883,0
DA:885,0
DA:888,0
DA:889,0
DA:890,0
DA:891,0
DA:896,0
DA:897,0
DA:899,0
DA:903,0
DA:912,1
DA:913,2
DA:914,2
DA:915,2
DA:916,2
DA:918,2
DA:919,2
DA:920,2
DA:923,2
DA:924,2
DA:925,2
DA:929,2
DA:930,2
DA:934,2
DA:935,0
DA:936,0
DA:937,0
DA:938,0
DA:939,0
DA:940,0
DA:942,2
DA:943,1
DA:944,1
DA:945,1
DA:946,1
DA:949,2
DA:950,0
DA:951,0
DA:952,0
DA:955,0
DA:956,0
DA:957,0
DA:959,0
DA:963,2
DA:964,2
DA:965,2
DA:972,1
DA:973,2
DA:974,0
DA:976,2
DA:977,0
DA:979,2
DA:981,2
DA:982,2
DA:983,2
DA:986,0
DA:987,0
DA:988,0
DA:989,0
DA:990,0
DA:991,0
DA:998,0
DA:999,0
DA:1000,0
DA:1001,0
DA:1002,0
DA:1003,0
DA:1010,1
DA:1011,0
DA:1012,0
DA:1013,0
DA:1015,0
DA:1016,0
DA:1017,0
DA:1019,0
DA:1021,0
DA:1022,0
DA:1024,0
DA:1025,0
DA:1026,0
DA:1028,0
DA:1029,0
DA:1031,0
DA:1032,0
DA:1034,0
DA:1035,0
DA:1037,0
DA:1038,0
DA:1040,0
DA:1041,0
DA:1042,0
DA:1043,0
DA:1044,0
DA:1046,0
DA:1047,0
DA:1049,0
DA:1051,0
DA:1052,0
DA:1054,0
DA:1055,0
DA:1057,0
DA:1058,0
DA:1060,0
DA:1061,0
DA:1063,0
DA:1065,0
DA:1066,0
DA:1073,1
DA:1075,4
DA:1076,2
DA:1079,2
DA:1080,0
DA:1083,2
DA:1086,2
DA:1087,2
DA:1089,2
DA:1090,2
DA:1093,0
DA:1096,0
DA:1099,0
DA:1100,0
DA:1102,0
DA:1103,0
DA:1104,0
DA:1106,0
DA:1107,0
DA:1109,0
DA:1110,0
DA:1112,0
DA:1113,0
DA:1118,1
DA:1119,4
DA:1120,2
DA:1121,2
DA:1122,2
DA:1123,2
DA:1124,2
DA:1125,2
DA:1127,4
DA:1130,1
DA:1135,1
DA:1136,0
DA:1137,0
DA:1138,0
DA:1140,0
DA:1141,0
DA:1142,0
DA:1143,0
DA:1145,0
DA:1150,1
DA:1151,0
DA:1152,0
DA:1153,0
DA:1155,0
DA:1156,0
DA:1157,0
DA:1158,0
DA:1160,0
DA:1161,0
DA:1162,0
DA:1168,1
LF:618
LH:377
BRDA:9,1,0,185
BRDA:9,1,1,538
BRDA:14,2,0,490
BRDA:14,2,1,48
BRDA:19,3,0,38
BRDA:19,3,1,10
BRDA:24,4,0,8
BRDA:24,4,1,2
BRDA:29,5,0,2
BRDA:29,5,1,0
BRDA:56,6,0,0
BRDA:56,6,1,173
BRDA:60,7,0,0
BRDA:60,7,1,173
BRDA:67,8,0,30
BRDA:67,8,1,143
BRDA:72,9,0,1
BRDA:72,9,1,142
BRDA:80,10,0,10
BRDA:80,10,1,132
BRDA:82,11,0,1
BRDA:82,11,1,9
BRDA:109,12,0,131
BRDA:109,12,1,2
BRDA:119,13,0,131
BRDA:119,13,1,2
BRDA:127,14,0,104
BRDA:127,14,1,29
BRDA:149,15,0,0
BRDA:149,15,1,2290
BRDA:155,16,0,1429
BRDA:155,16,1,861
BRDA:165,17,0,104
BRDA:165,17,1,2186
BRDA:168,18,0,2186
BRDA:168,18,1,0
BRDA:173,19,0,565
BRDA:173,19,1,1621
BRDA:176,20,0,303
BRDA:176,20,1,262
BRDA:179,21,0,0
BRDA:179,21,1,303
BRDA:193,22,0,0
BRDA:193,22,1,2186
BRDA:204,23,0,131
BRDA:204,23,1,2
BRDA:234,24,0,0
BRDA:234,24,1,274
BRDA:240,25,0,34
BRDA:240,25,1,240
BRDA:246,26,0,2273
BRDA:246,26,1,2271
BRDA:249,27,0,2
BRDA:249,27,1,238
BRDA:267,28,0,3002
BRDA:267,28,1,3297
BRDA:296,29,0,0
BRDA:296,29,1,862
BRDA:372,30,0,2
BRDA:372,30,1,132
BRDA:379,31,0,102
BRDA:379,31,1,30
BRDA:385,32,0,0
BRDA:385,32,1,30
BRDA:387,33,0,0
BRDA:387,33,1,30
BRDA:393,34,0,0
BRDA:393,34,1,30
BRDA:406,35,0,0
BRDA:406,35,1,30
BRDA:408,36,0,0
BRDA:408,36,1,30
BRDA:419,37,0,0
BRDA:419,37,1,137
BRDA:424,38,0,0
BRDA:424,38,1,137
BRDA:427,39,0,132
BRDA:427,39,1,5
BRDA:457,40,0,3
BRDA:457,40,1,8
BRDA:462,41,0,0
BRDA:462,41,1,3
BRDA:467,42,0,8
BRDA:467,42,1,0
BRDA:478,43,0,3
BRDA:478,43,1,5
BRDA:492,44,0,18
BRDA:492,44,1,0
BRDA:505,45,0,8
BRDA:505,45,1,0
BRDA:518,46,0,24
BRDA:518,46,1,152
BRDA:520,47,0,138
BRDA:520,47,1,14
BRDA:530,48,0,8
BRDA:530,48,1,9
BRDA:532,49,0,5
BRDA:532,49,1,4
BRDA:556,50,0,224
BRDA:556,50,1,62
BRDA:556,51,0,286
BRDA:556,51,1,63
BRDA:607,52,0,0
BRDA:607,52,1,4
BRDA:614,53,0,4
BRDA:614,53,1,4
BRDA:621,54,0,6
BRDA:621,54,1,6
BRDA:629,55,0,0
BRDA:629,55,1,4
BRDA:632,56,0,4
BRDA:632,56,1,0
BRDA:635,57,0,0
BRDA:635,57,1,4
BRDA:661,58,0,2
BRDA:661,58,1,0
BRDA:671,59,0,0
BRDA:671,59,1,0
BRDA:675,60,0,0
BRDA:675,60,1,0
BRDA:681,61,0,0
BRDA:681,61,1,0
BRDA:722,62,0,2
BRDA:722,62,1,0
BRDA:750,63,0,0
BRDA:750,63,1,0
BRDA:754,64,0,0
BRDA:754,64,1,0
BRDA:761,65,0,0
BRDA:761,65,1,0
BRDA:806,66,0,2
BRDA:806,66,1,0
BRDA:808,67,0,1
BRDA:808,67,1,1
BRDA:813,68,0,0
BRDA:813,68,1,0
BRDA:816,69,0,0
BRDA:816,69,1,0
BRDA:830,70,0,2
BRDA:830,70,1,0
BRDA:835,71,0,0
BRDA:835,71,1,0
BRDA:842,72,0,0
BRDA:842,72,1,0
BRDA:850,73,0,0
BRDA:850,73,1,0
BRDA:871,74,0,0
BRDA:871,74,1,0
BRDA:915,75,0,0
BRDA:915,75,1,2
BRDA:916,76,0,1
BRDA:916,76,1,1
BRDA:923,77,0,4
BRDA:923,77,1,2
BRDA:936,78,0,0
BRDA:936,78,1,0
BRDA:936,79,0,0
BRDA:936,79,1,0
BRDA:936,79,2,0
BRDA:949,80,0,0
BRDA:949,80,1,2
BRDA:951,81,0,0
BRDA:951,81,1,0
BRDA:973,82,0,0
BRDA:973,82,1,2
BRDA:976,83,0,0
BRDA:976,83,1,2
BRDA:981,84,0,2
BRDA:981,84,1,0
BRDA:982,85,0,0
BRDA:982,85,1,2
BRDA:987,86,0,0
BRDA:987,86,1,0
BRDA:991,87,0,0
BRDA:991,87,1,0
BRDA:1031,88,0,0
BRDA:1031,88,1,0
BRDA:1037,89,0,0
BRDA:1037,89,1,0
BRDA:1046,90,0,0
BRDA:1046,90,1,0
BRDA:1051,91,0,0
BRDA:1051,91,1,0
BRDA:1057,92,0,0
BRDA:1057,92,1,0
BRDA:1075,93,0,2
BRDA:1075,93,1,2
BRDA:1079,94,0,0
BRDA:1079,94,1,2
BRDA:1089,95,0,2
BRDA:1089,95,1,0
BRDA:1119,96,0,2
BRDA:1119,96,1,2
BRDA:1122,97,0,2
BRDA:1122,97,1,0
BRDA:1136,98,0,0
BRDA:1136,98,1,0
BRDA:1137,99,0,0
BRDA:1137,99,1,0
BRDA:1141,100,0,0
BRDA:1141,100,1,0
BRDA:1142,101,0,0
BRDA:1142,101,1,0
BRDA:1151,102,0,0
BRDA:1151,102,1,0
BRDA:1152,103,0,0
BRDA:1152,103,1,0
BRDA:1156,104,0,0
BRDA:1156,104,1,0
BRDA:1157,105,0,0
BRDA:1157,105,1,0
BRDA:1161,106,0,0
BRDA:1161,106,1,0
BRF:213
BRH:113
end_of_record
TN:
SF:/Users/yaotang/Workspace/github/BigInteger/lib/BigIntegerLib.js
FN:5,(anonymous_1)
FN:17,(anonymous_2)
FN:25,(anonymous_3)
FNF:3
FNH:3
FNDA:132,(anonymous_1)
FNDA:291,(anonymous_2)
FNDA:5,(anonymous_3)
DA:1,1
DA:5,1
DA:6,132
DA:7,0
DA:8,132
DA:9,132
DA:10,133
DA:11,133
DA:12,133
DA:14,132
DA:17,1
DA:18,291
DA:25,1
DA:26,5
DA:27,0
DA:28,5
LF:16
LH:14
BRDA:6,1,0,0
BRDA:6,1,1,132
BRDA:6,2,0,132
BRDA:6,2,1,132
BRDA:26,3,0,0
BRDA:26,3,1,5
BRF:6
BRH:4
end_of_record
